{"C:\\Users\\skybo\\.vscode\\stock_tracker_app_v2\\public\\api.js": {"path":"C:\\Users\\skybo\\.vscode\\stock_tracker_app_v2\\public\\api.js","statementMap":{"0":{"start":{"line":12,"column":4},"end":{"line":15,"column":5}},"1":{"start":{"line":13,"column":26},"end":{"line":13,"column":126}},"2":{"start":{"line":13,"column":61},"end":{"line":13,"column":124}},"3":{"start":{"line":14,"column":8},"end":{"line":14,"column":75}},"4":{"start":{"line":16,"column":4},"end":{"line":16,"column":27}},"5":{"start":{"line":25,"column":4},"end":{"line":30,"column":74}},"6":{"start":{"line":26,"column":20},"end":{"line":26,"column":92}},"7":{"start":{"line":27,"column":8},"end":{"line":27,"column":76}},"8":{"start":{"line":27,"column":21},"end":{"line":27,"column":76}},"9":{"start":{"line":28,"column":8},"end":{"line":28,"column":49}},"10":{"start":{"line":29,"column":8},"end":{"line":29,"column":62}},"11":{"start":{"line":30,"column":22},"end":{"line":30,"column":72}},"12":{"start":{"line":42,"column":4},"end":{"line":44,"column":5}},"13":{"start":{"line":43,"column":8},"end":{"line":43,"column":15}},"14":{"start":{"line":47,"column":4},"end":{"line":55,"column":7}},"15":{"start":{"line":48,"column":8},"end":{"line":54,"column":9}},"16":{"start":{"line":49,"column":24},"end":{"line":49,"column":71}},"17":{"start":{"line":50,"column":12},"end":{"line":53,"column":13}},"18":{"start":{"line":51,"column":34},"end":{"line":51,"column":69}},"19":{"start":{"line":52,"column":16},"end":{"line":52,"column":82}},"20":{"start":{"line":52,"column":31},"end":{"line":52,"column":82}},"21":{"start":{"line":57,"column":4},"end":{"line":75,"column":5}},"22":{"start":{"line":58,"column":24},"end":{"line":58,"column":62}},"23":{"start":{"line":60,"column":25},"end":{"line":64,"column":10}},"24":{"start":{"line":66,"column":23},"end":{"line":66,"column":53}},"25":{"start":{"line":69,"column":8},"end":{"line":71,"column":9}},"26":{"start":{"line":70,"column":12},"end":{"line":70,"column":57}},"27":{"start":{"line":74,"column":8},"end":{"line":74,"column":77}},"28":{"start":{"line":84,"column":28},"end":{"line":84,"column":103}},"29":{"start":{"line":84,"column":90},"end":{"line":84,"column":100}},"30":{"start":{"line":85,"column":4},"end":{"line":85,"column":72}},"31":{"start":{"line":86,"column":4},"end":{"line":86,"column":65}},"32":{"start":{"line":95,"column":21},"end":{"line":95,"column":74}},"33":{"start":{"line":96,"column":4},"end":{"line":96,"column":36}},"34":{"start":{"line":105,"column":21},"end":{"line":105,"column":80}},"35":{"start":{"line":106,"column":4},"end":{"line":106,"column":36}},"36":{"start":{"line":116,"column":21},"end":{"line":116,"column":95}},"37":{"start":{"line":117,"column":4},"end":{"line":117,"column":36}},"38":{"start":{"line":127,"column":21},"end":{"line":127,"column":87}},"39":{"start":{"line":128,"column":17},"end":{"line":128,"column":47}},"40":{"start":{"line":129,"column":4},"end":{"line":131,"column":5}},"41":{"start":{"line":130,"column":8},"end":{"line":130,"column":78}},"42":{"start":{"line":132,"column":4},"end":{"line":132,"column":16}},"43":{"start":{"line":141,"column":21},"end":{"line":141,"column":77}},"44":{"start":{"line":142,"column":4},"end":{"line":142,"column":36}}},"fnMap":{"0":{"name":"handleResponse","decl":{"start":{"line":11,"column":15},"end":{"line":11,"column":29}},"loc":{"start":{"line":11,"column":40},"end":{"line":17,"column":1}},"line":11},"1":{"name":"(anonymous_1)","decl":{"start":{"line":13,"column":54},"end":{"line":13,"column":55}},"loc":{"start":{"line":13,"column":61},"end":{"line":13,"column":124}},"line":13},"2":{"name":"refreshLedger","decl":{"start":{"line":24,"column":22},"end":{"line":24,"column":35}},"loc":{"start":{"line":24,"column":38},"end":{"line":31,"column":1}},"line":24},"3":{"name":"updatePricesForView","decl":{"start":{"line":41,"column":22},"end":{"line":41,"column":41}},"loc":{"start":{"line":41,"column":69},"end":{"line":76,"column":1}},"line":41},"4":{"name":"(anonymous_4)","decl":{"start":{"line":47,"column":30},"end":{"line":47,"column":31}},"loc":{"start":{"line":47,"column":44},"end":{"line":55,"column":5}},"line":47},"5":{"name":"updateAllPrices","decl":{"start":{"line":83,"column":22},"end":{"line":83,"column":37}},"loc":{"start":{"line":83,"column":40},"end":{"line":87,"column":1}},"line":83},"6":{"name":"(anonymous_6)","decl":{"start":{"line":84,"column":83},"end":{"line":84,"column":84}},"loc":{"start":{"line":84,"column":90},"end":{"line":84,"column":100}},"line":84},"7":{"name":"fetchPendingOrders","decl":{"start":{"line":94,"column":22},"end":{"line":94,"column":40}},"loc":{"start":{"line":94,"column":51},"end":{"line":97,"column":1}},"line":94},"8":{"name":"fetchAlerts","decl":{"start":{"line":104,"column":22},"end":{"line":104,"column":33}},"loc":{"start":{"line":104,"column":44},"end":{"line":107,"column":1}},"line":104},"9":{"name":"fetchDailyPerformance","decl":{"start":{"line":115,"column":22},"end":{"line":115,"column":43}},"loc":{"start":{"line":115,"column":60},"end":{"line":118,"column":1}},"line":115},"10":{"name":"fetchPositions","decl":{"start":{"line":126,"column":22},"end":{"line":126,"column":36}},"loc":{"start":{"line":126,"column":53},"end":{"line":133,"column":1}},"line":126},"11":{"name":"fetchSnapshots","decl":{"start":{"line":140,"column":22},"end":{"line":140,"column":36}},"loc":{"start":{"line":140,"column":47},"end":{"line":143,"column":1}},"line":140}},"branchMap":{"0":{"loc":{"start":{"line":12,"column":4},"end":{"line":15,"column":5}},"type":"if","locations":[{"start":{"line":12,"column":4},"end":{"line":15,"column":5}},{"start":{},"end":{}}],"line":12},"1":{"loc":{"start":{"line":14,"column":24},"end":{"line":14,"column":73}},"type":"binary-expr","locations":[{"start":{"line":14,"column":24},"end":{"line":14,"column":41}},{"start":{"line":14,"column":45},"end":{"line":14,"column":73}}],"line":14},"2":{"loc":{"start":{"line":27,"column":8},"end":{"line":27,"column":76}},"type":"if","locations":[{"start":{"line":27,"column":8},"end":{"line":27,"column":76}},{"start":{},"end":{}}],"line":27},"3":{"loc":{"start":{"line":42,"column":4},"end":{"line":44,"column":5}},"type":"if","locations":[{"start":{"line":42,"column":4},"end":{"line":44,"column":5}},{"start":{},"end":{}}],"line":42},"4":{"loc":{"start":{"line":42,"column":8},"end":{"line":42,"column":56}},"type":"binary-expr","locations":[{"start":{"line":42,"column":8},"end":{"line":42,"column":24}},{"start":{"line":42,"column":28},"end":{"line":42,"column":56}}],"line":42},"5":{"loc":{"start":{"line":48,"column":8},"end":{"line":54,"column":9}},"type":"if","locations":[{"start":{"line":48,"column":8},"end":{"line":54,"column":9}},{"start":{},"end":{}}],"line":48},"6":{"loc":{"start":{"line":50,"column":12},"end":{"line":53,"column":13}},"type":"if","locations":[{"start":{"line":50,"column":12},"end":{"line":53,"column":13}},{"start":{},"end":{}}],"line":50},"7":{"loc":{"start":{"line":52,"column":16},"end":{"line":52,"column":82}},"type":"if","locations":[{"start":{"line":52,"column":16},"end":{"line":52,"column":82}},{"start":{},"end":{}}],"line":52},"8":{"loc":{"start":{"line":129,"column":4},"end":{"line":131,"column":5}},"type":"if","locations":[{"start":{"line":129,"column":4},"end":{"line":131,"column":5}},{"start":{},"end":{}}],"line":129},"9":{"loc":{"start":{"line":129,"column":8},"end":{"line":129,"column":67}},"type":"binary-expr","locations":[{"start":{"line":129,"column":8},"end":{"line":129,"column":13}},{"start":{"line":129,"column":17},"end":{"line":129,"column":40}},{"start":{"line":129,"column":44},"end":{"line":129,"column":67}}],"line":129}},"s":{"0":0,"1":0,"2":0,"3":0,"4":0,"5":0,"6":0,"7":0,"8":0,"9":0,"10":0,"11":0,"12":0,"13":0,"14":0,"15":0,"16":0,"17":0,"18":0,"19":0,"20":0,"21":0,"22":0,"23":0,"24":0,"25":0,"26":0,"27":0,"28":0,"29":0,"30":0,"31":0,"32":0,"33":0,"34":0,"35":0,"36":0,"37":0,"38":0,"39":0,"40":0,"41":0,"42":0,"43":0,"44":0},"f":{"0":0,"1":0,"2":0,"3":0,"4":0,"5":0,"6":0,"7":0,"8":0,"9":0,"10":0,"11":0},"b":{"0":[0,0],"1":[0,0],"2":[0,0],"3":[0,0],"4":[0,0],"5":[0,0],"6":[0,0],"7":[0,0],"8":[0,0],"9":[0,0,0]},"_coverageSchema":"1a1c01bbd47fc00a2c39e90264f33305004495a9","hash":"f1961949311c0a90b63accf9f688baac7e2cdbea"}
,"C:\\Users\\skybo\\.vscode\\stock_tracker_app_v2\\public\\state.js": {"path":"C:\\Users\\skybo\\.vscode\\stock_tracker_app_v2\\public\\state.js","statementMap":{"0":{"start":{"line":44,"column":21},"end":{"line":68,"column":1}}},"fnMap":{},"branchMap":{},"s":{"0":1},"f":{},"b":{},"_coverageSchema":"1a1c01bbd47fc00a2c39e90264f33305004495a9","hash":"3cd565e3a862826eff62bd26158082c2d5c994f4"}
,"C:\\Users\\skybo\\.vscode\\stock_tracker_app_v2\\public\\event-handlers\\_snapshots.js": {"path":"C:\\Users\\skybo\\.vscode\\stock_tracker_app_v2\\public\\event-handlers\\_snapshots.js","statementMap":{"0":{"start":{"line":14,"column":22},"end":{"line":14,"column":70}},"1":{"start":{"line":15,"column":4},"end":{"line":17,"column":5}},"2":{"start":{"line":16,"column":8},"end":{"line":16,"column":83}},"3":{"start":{"line":19,"column":4},"end":{"line":34,"column":5}},"4":{"start":{"line":20,"column":26},"end":{"line":20,"column":77}},"5":{"start":{"line":21,"column":8},"end":{"line":21,"column":39}},"6":{"start":{"line":23,"column":8},"end":{"line":27,"column":9}},"7":{"start":{"line":24,"column":12},"end":{"line":24,"column":37}},"8":{"start":{"line":26,"column":12},"end":{"line":26,"column":43}},"9":{"start":{"line":29,"column":8},"end":{"line":29,"column":65}},"10":{"start":{"line":30,"column":8},"end":{"line":30,"column":42}},"11":{"start":{"line":31,"column":8},"end":{"line":33,"column":9}},"12":{"start":{"line":32,"column":12},"end":{"line":32,"column":91}},"13":{"start":{"line":44,"column":60},"end":{"line":44,"column":104}},"14":{"start":{"line":45,"column":27},"end":{"line":45,"column":69}},"15":{"start":{"line":47,"column":4},"end":{"line":70,"column":5}},"16":{"start":{"line":48,"column":8},"end":{"line":69,"column":11}},"17":{"start":{"line":49,"column":12},"end":{"line":49,"column":31}},"18":{"start":{"line":50,"column":29},"end":{"line":55,"column":13}},"19":{"start":{"line":56,"column":12},"end":{"line":68,"column":13}},"20":{"start":{"line":58,"column":16},"end":{"line":60,"column":17}},"21":{"start":{"line":59,"column":20},"end":{"line":59,"column":72}},"22":{"start":{"line":61,"column":28},"end":{"line":61,"column":166}},"23":{"start":{"line":62,"column":16},"end":{"line":62,"column":92}},"24":{"start":{"line":62,"column":43},"end":{"line":62,"column":59}},"25":{"start":{"line":62,"column":61},"end":{"line":62,"column":90}},"26":{"start":{"line":63,"column":16},"end":{"line":63,"column":40}},"27":{"start":{"line":64,"column":16},"end":{"line":64,"column":56}},"28":{"start":{"line":65,"column":16},"end":{"line":65,"column":52}},"29":{"start":{"line":67,"column":16},"end":{"line":67,"column":62}},"30":{"start":{"line":72,"column":4},"end":{"line":90,"column":5}},"31":{"start":{"line":73,"column":8},"end":{"line":89,"column":11}},"32":{"start":{"line":74,"column":55},"end":{"line":74,"column":63}},"33":{"start":{"line":75,"column":58},"end":{"line":75,"column":96}},"34":{"start":{"line":76,"column":12},"end":{"line":88,"column":13}},"35":{"start":{"line":77,"column":27},"end":{"line":77,"column":47}},"36":{"start":{"line":78,"column":16},"end":{"line":87,"column":19}},"37":{"start":{"line":79,"column":21},"end":{"line":86,"column":21}},"38":{"start":{"line":80,"column":36},"end":{"line":80,"column":101}},"39":{"start":{"line":81,"column":24},"end":{"line":81,"column":100}},"40":{"start":{"line":81,"column":51},"end":{"line":81,"column":67}},"41":{"start":{"line":81,"column":69},"end":{"line":81,"column":98}},"42":{"start":{"line":82,"column":24},"end":{"line":82,"column":66}},"43":{"start":{"line":83,"column":24},"end":{"line":83,"column":60}},"44":{"start":{"line":85,"column":24},"end":{"line":85,"column":70}}},"fnMap":{"0":{"name":"loadChartsAndSnapshotsPage","decl":{"start":{"line":13,"column":22},"end":{"line":13,"column":48}},"loc":{"start":{"line":13,"column":59},"end":{"line":35,"column":1}},"line":13},"1":{"name":"initializeSnapshotsHandlers","decl":{"start":{"line":43,"column":16},"end":{"line":43,"column":43}},"loc":{"start":{"line":43,"column":46},"end":{"line":91,"column":1}},"line":43},"2":{"name":"(anonymous_2)","decl":{"start":{"line":48,"column":51},"end":{"line":48,"column":52}},"loc":{"start":{"line":48,"column":64},"end":{"line":69,"column":9}},"line":48},"3":{"name":"(anonymous_3)","decl":{"start":{"line":73,"column":49},"end":{"line":73,"column":50}},"loc":{"start":{"line":73,"column":62},"end":{"line":89,"column":9}},"line":73},"4":{"name":"(anonymous_4)","decl":{"start":{"line":78,"column":84},"end":{"line":78,"column":85}},"loc":{"start":{"line":78,"column":96},"end":{"line":87,"column":17}},"line":78}},"branchMap":{"0":{"loc":{"start":{"line":15,"column":4},"end":{"line":17,"column":5}},"type":"if","locations":[{"start":{"line":15,"column":4},"end":{"line":17,"column":5}},{"start":{},"end":{}}],"line":15},"1":{"loc":{"start":{"line":15,"column":8},"end":{"line":15,"column":45}},"type":"binary-expr","locations":[{"start":{"line":15,"column":8},"end":{"line":15,"column":32}},{"start":{"line":15,"column":36},"end":{"line":15,"column":45}}],"line":15},"2":{"loc":{"start":{"line":23,"column":8},"end":{"line":27,"column":9}},"type":"if","locations":[{"start":{"line":23,"column":8},"end":{"line":27,"column":9}},{"start":{"line":25,"column":15},"end":{"line":27,"column":9}}],"line":23},"3":{"loc":{"start":{"line":31,"column":8},"end":{"line":33,"column":9}},"type":"if","locations":[{"start":{"line":31,"column":8},"end":{"line":33,"column":9}},{"start":{},"end":{}}],"line":31},"4":{"loc":{"start":{"line":31,"column":12},"end":{"line":31,"column":49}},"type":"binary-expr","locations":[{"start":{"line":31,"column":12},"end":{"line":31,"column":36}},{"start":{"line":31,"column":40},"end":{"line":31,"column":49}}],"line":31},"5":{"loc":{"start":{"line":47,"column":4},"end":{"line":70,"column":5}},"type":"if","locations":[{"start":{"line":47,"column":4},"end":{"line":70,"column":5}},{"start":{},"end":{}}],"line":47},"6":{"loc":{"start":{"line":58,"column":16},"end":{"line":60,"column":17}},"type":"if","locations":[{"start":{"line":58,"column":16},"end":{"line":60,"column":17}},{"start":{},"end":{}}],"line":58},"7":{"loc":{"start":{"line":62,"column":16},"end":{"line":62,"column":92}},"type":"if","locations":[{"start":{"line":62,"column":16},"end":{"line":62,"column":92}},{"start":{},"end":{}}],"line":62},"8":{"loc":{"start":{"line":72,"column":4},"end":{"line":90,"column":5}},"type":"if","locations":[{"start":{"line":72,"column":4},"end":{"line":90,"column":5}},{"start":{},"end":{}}],"line":72},"9":{"loc":{"start":{"line":76,"column":12},"end":{"line":88,"column":13}},"type":"if","locations":[{"start":{"line":76,"column":12},"end":{"line":88,"column":13}},{"start":{},"end":{}}],"line":76},"10":{"loc":{"start":{"line":81,"column":24},"end":{"line":81,"column":100}},"type":"if","locations":[{"start":{"line":81,"column":24},"end":{"line":81,"column":100}},{"start":{},"end":{}}],"line":81}},"s":{"0":0,"1":0,"2":0,"3":0,"4":0,"5":0,"6":0,"7":0,"8":0,"9":0,"10":0,"11":0,"12":0,"13":1,"14":1,"15":1,"16":1,"17":1,"18":1,"19":1,"20":1,"21":0,"22":1,"23":1,"24":0,"25":0,"26":1,"27":1,"28":1,"29":0,"30":1,"31":0,"32":0,"33":0,"34":0,"35":0,"36":0,"37":0,"38":0,"39":0,"40":0,"41":0,"42":0,"43":0,"44":0},"f":{"0":0,"1":1,"2":1,"3":0,"4":0},"b":{"0":[0,0],"1":[0,0],"2":[0,0],"3":[0,0],"4":[0,0],"5":[1,0],"6":[0,1],"7":[0,1],"8":[0,1],"9":[0,0],"10":[0,0]},"_coverageSchema":"1a1c01bbd47fc00a2c39e90264f33305004495a9","hash":"1a7fa724cdf798fd163955a2c1292fb255d4b0cc"}
,"C:\\Users\\skybo\\.vscode\\stock_tracker_app_v2\\public\\ui\\chart-builder.js": {"path":"C:\\Users\\skybo\\.vscode\\stock_tracker_app_v2\\public\\ui\\chart-builder.js","statementMap":{"0":{"start":{"line":16,"column":15},"end":{"line":16,"column":16}},"1":{"start":{"line":17,"column":4},"end":{"line":19,"column":5}},"2":{"start":{"line":17,"column":17},"end":{"line":17,"column":18}},"3":{"start":{"line":18,"column":8},"end":{"line":18,"column":56}},"4":{"start":{"line":20,"column":14},"end":{"line":20,"column":24}},"5":{"start":{"line":21,"column":4},"end":{"line":21,"column":37}},"6":{"start":{"line":35,"column":18},"end":{"line":35,"column":33}},"7":{"start":{"line":36,"column":15},"end":{"line":36,"column":17}},"8":{"start":{"line":37,"column":4},"end":{"line":48,"column":5}},"9":{"start":{"line":37,"column":17},"end":{"line":37,"column":18}},"10":{"start":{"line":38,"column":25},"end":{"line":38,"column":46}},"11":{"start":{"line":39,"column":24},"end":{"line":39,"column":53}},"12":{"start":{"line":40,"column":26},"end":{"line":40,"column":39}},"13":{"start":{"line":41,"column":8},"end":{"line":47,"column":9}},"14":{"start":{"line":42,"column":12},"end":{"line":42,"column":41}},"15":{"start":{"line":43,"column":12},"end":{"line":43,"column":34}},"16":{"start":{"line":44,"column":12},"end":{"line":44,"column":28}},"17":{"start":{"line":46,"column":12},"end":{"line":46,"column":28}},"18":{"start":{"line":49,"column":4},"end":{"line":49,"column":33}},"19":{"start":{"line":60,"column":21},"end":{"line":60,"column":23}},"20":{"start":{"line":61,"column":19},"end":{"line":61,"column":75}},"21":{"start":{"line":61,"column":50},"end":{"line":61,"column":65}},"22":{"start":{"line":63,"column":4},"end":{"line":75,"column":5}},"23":{"start":{"line":64,"column":8},"end":{"line":64,"column":65}},"24":{"start":{"line":65,"column":8},"end":{"line":65,"column":62}},"25":{"start":{"line":66,"column":8},"end":{"line":66,"column":33}},"26":{"start":{"line":67,"column":27},"end":{"line":67,"column":97}},"27":{"start":{"line":68,"column":8},"end":{"line":68,"column":73}},"28":{"start":{"line":70,"column":24},"end":{"line":72,"column":86}},"29":{"start":{"line":73,"column":8},"end":{"line":73,"column":84}},"30":{"start":{"line":74,"column":8},"end":{"line":74,"column":20}},"31":{"start":{"line":77,"column":23},"end":{"line":77,"column":93}},"32":{"start":{"line":78,"column":22},"end":{"line":78,"column":84}},"33":{"start":{"line":79,"column":22},"end":{"line":79,"column":70}},"34":{"start":{"line":81,"column":26},"end":{"line":81,"column":70}},"35":{"start":{"line":81,"column":57},"end":{"line":81,"column":67}},"36":{"start":{"line":83,"column":4},"end":{"line":93,"column":7}},"37":{"start":{"line":84,"column":8},"end":{"line":90,"column":10}},"38":{"start":{"line":91,"column":25},"end":{"line":91,"column":121}},"39":{"start":{"line":91,"column":55},"end":{"line":91,"column":82}},"40":{"start":{"line":91,"column":93},"end":{"line":91,"column":119}},"41":{"start":{"line":92,"column":8},"end":{"line":92,"column":87}},"42":{"start":{"line":92,"column":58},"end":{"line":92,"column":85}},"43":{"start":{"line":95,"column":4},"end":{"line":119,"column":7}},"44":{"start":{"line":109,"column":39},"end":{"line":109,"column":82}},"45":{"start":{"line":110,"column":76},"end":{"line":110,"column":115}},"46":{"start":{"line":111,"column":16},"end":{"line":111,"column":66}},"47":{"start":{"line":111,"column":59},"end":{"line":111,"column":66}},"48":{"start":{"line":112,"column":39},"end":{"line":112,"column":73}},"49":{"start":{"line":113,"column":16},"end":{"line":113,"column":44}},"50":{"start":{"line":113,"column":37},"end":{"line":113,"column":44}},"51":{"start":{"line":114,"column":16},"end":{"line":114,"column":66}},"52":{"start":{"line":114,"column":38},"end":{"line":114,"column":66}},"53":{"start":{"line":115,"column":16},"end":{"line":115,"column":76}},"54":{"start":{"line":116,"column":16},"end":{"line":116,"column":56}}},"fnMap":{"0":{"name":"stringToHslColor","decl":{"start":{"line":15,"column":9},"end":{"line":15,"column":25}},"loc":{"start":{"line":15,"column":47},"end":{"line":22,"column":1}},"line":15},"1":{"name":"wrapText","decl":{"start":{"line":34,"column":9},"end":{"line":34,"column":17}},"loc":{"start":{"line":34,"column":61},"end":{"line":50,"column":1}},"line":34},"2":{"name":"createChart","decl":{"start":{"line":59,"column":16},"end":{"line":59,"column":27}},"loc":{"start":{"line":59,"column":44},"end":{"line":120,"column":1}},"line":59},"3":{"name":"(anonymous_3)","decl":{"start":{"line":61,"column":45},"end":{"line":61,"column":46}},"loc":{"start":{"line":61,"column":50},"end":{"line":61,"column":65}},"line":61},"4":{"name":"(anonymous_4)","decl":{"start":{"line":81,"column":52},"end":{"line":81,"column":53}},"loc":{"start":{"line":81,"column":57},"end":{"line":81,"column":67}},"line":81},"5":{"name":"(anonymous_5)","decl":{"start":{"line":83,"column":26},"end":{"line":83,"column":27}},"loc":{"start":{"line":83,"column":42},"end":{"line":93,"column":5}},"line":83},"6":{"name":"(anonymous_6)","decl":{"start":{"line":91,"column":50},"end":{"line":91,"column":51}},"loc":{"start":{"line":91,"column":55},"end":{"line":91,"column":82}},"line":91},"7":{"name":"(anonymous_7)","decl":{"start":{"line":91,"column":88},"end":{"line":91,"column":89}},"loc":{"start":{"line":91,"column":93},"end":{"line":91,"column":119}},"line":91},"8":{"name":"(anonymous_8)","decl":{"start":{"line":92,"column":49},"end":{"line":92,"column":50}},"loc":{"start":{"line":92,"column":58},"end":{"line":92,"column":85}},"line":92},"9":{"name":"(anonymous_9)","decl":{"start":{"line":108,"column":21},"end":{"line":108,"column":22}},"loc":{"start":{"line":108,"column":45},"end":{"line":117,"column":13}},"line":108}},"branchMap":{"0":{"loc":{"start":{"line":15,"column":31},"end":{"line":15,"column":37}},"type":"default-arg","locations":[{"start":{"line":15,"column":35},"end":{"line":15,"column":37}}],"line":15},"1":{"loc":{"start":{"line":15,"column":39},"end":{"line":15,"column":45}},"type":"default-arg","locations":[{"start":{"line":15,"column":43},"end":{"line":15,"column":45}}],"line":15},"2":{"loc":{"start":{"line":41,"column":8},"end":{"line":47,"column":9}},"type":"if","locations":[{"start":{"line":41,"column":8},"end":{"line":47,"column":9}},{"start":{"line":45,"column":15},"end":{"line":47,"column":9}}],"line":41},"3":{"loc":{"start":{"line":41,"column":12},"end":{"line":41,"column":41}},"type":"binary-expr","locations":[{"start":{"line":41,"column":12},"end":{"line":41,"column":32}},{"start":{"line":41,"column":36},"end":{"line":41,"column":41}}],"line":41},"4":{"loc":{"start":{"line":63,"column":4},"end":{"line":75,"column":5}},"type":"if","locations":[{"start":{"line":63,"column":4},"end":{"line":75,"column":5}},{"start":{},"end":{}}],"line":63},"5":{"loc":{"start":{"line":63,"column":8},"end":{"line":63,"column":65}},"type":"binary-expr","locations":[{"start":{"line":63,"column":8},"end":{"line":63,"column":18}},{"start":{"line":63,"column":22},"end":{"line":63,"column":44}},{"start":{"line":63,"column":48},"end":{"line":63,"column":65}}],"line":63},"6":{"loc":{"start":{"line":65,"column":30},"end":{"line":65,"column":60}},"type":"binary-expr","locations":[{"start":{"line":65,"column":30},"end":{"line":65,"column":49}},{"start":{"line":65,"column":53},"end":{"line":65,"column":60}}],"line":65},"7":{"loc":{"start":{"line":67,"column":27},"end":{"line":67,"column":97}},"type":"binary-expr","locations":[{"start":{"line":67,"column":27},"end":{"line":67,"column":58}},{"start":{"line":67,"column":62},"end":{"line":67,"column":97}}],"line":67},"8":{"loc":{"start":{"line":68,"column":24},"end":{"line":68,"column":72}},"type":"cond-expr","locations":[{"start":{"line":68,"column":37},"end":{"line":68,"column":63}},{"start":{"line":68,"column":66},"end":{"line":68,"column":72}}],"line":68},"9":{"loc":{"start":{"line":70,"column":24},"end":{"line":72,"column":86}},"type":"cond-expr","locations":[{"start":{"line":71,"column":14},"end":{"line":71,"column":86}},{"start":{"line":72,"column":14},"end":{"line":72,"column":86}}],"line":70},"10":{"loc":{"start":{"line":70,"column":24},"end":{"line":70,"column":78}},"type":"binary-expr","locations":[{"start":{"line":70,"column":24},"end":{"line":70,"column":41}},{"start":{"line":70,"column":45},"end":{"line":70,"column":54}},{"start":{"line":70,"column":58},"end":{"line":70,"column":78}}],"line":70},"11":{"loc":{"start":{"line":77,"column":23},"end":{"line":77,"column":93}},"type":"binary-expr","locations":[{"start":{"line":77,"column":23},"end":{"line":77,"column":54}},{"start":{"line":77,"column":58},"end":{"line":77,"column":93}}],"line":77},"12":{"loc":{"start":{"line":78,"column":22},"end":{"line":78,"column":84}},"type":"cond-expr","locations":[{"start":{"line":78,"column":35},"end":{"line":78,"column":61}},{"start":{"line":78,"column":64},"end":{"line":78,"column":84}}],"line":78},"13":{"loc":{"start":{"line":79,"column":22},"end":{"line":79,"column":70}},"type":"cond-expr","locations":[{"start":{"line":79,"column":35},"end":{"line":79,"column":61}},{"start":{"line":79,"column":64},"end":{"line":79,"column":70}}],"line":79},"14":{"loc":{"start":{"line":92,"column":58},"end":{"line":92,"column":85}},"type":"binary-expr","locations":[{"start":{"line":92,"column":58},"end":{"line":92,"column":77}},{"start":{"line":92,"column":81},"end":{"line":92,"column":85}}],"line":92},"15":{"loc":{"start":{"line":111,"column":16},"end":{"line":111,"column":66}},"type":"if","locations":[{"start":{"line":111,"column":16},"end":{"line":111,"column":66}},{"start":{},"end":{}}],"line":111},"16":{"loc":{"start":{"line":111,"column":20},"end":{"line":111,"column":57}},"type":"binary-expr","locations":[{"start":{"line":111,"column":20},"end":{"line":111,"column":35}},{"start":{"line":111,"column":39},"end":{"line":111,"column":57}}],"line":111},"17":{"loc":{"start":{"line":113,"column":16},"end":{"line":113,"column":44}},"type":"if","locations":[{"start":{"line":113,"column":16},"end":{"line":113,"column":44}},{"start":{},"end":{}}],"line":113},"18":{"loc":{"start":{"line":114,"column":16},"end":{"line":114,"column":66}},"type":"if","locations":[{"start":{"line":114,"column":16},"end":{"line":114,"column":66}},{"start":{},"end":{}}],"line":114}},"s":{"0":0,"1":0,"2":0,"3":0,"4":0,"5":0,"6":0,"7":0,"8":0,"9":0,"10":0,"11":0,"12":0,"13":0,"14":0,"15":0,"16":0,"17":0,"18":0,"19":0,"20":0,"21":0,"22":0,"23":0,"24":0,"25":0,"26":0,"27":0,"28":0,"29":0,"30":0,"31":0,"32":0,"33":0,"34":0,"35":0,"36":0,"37":0,"38":0,"39":0,"40":0,"41":0,"42":0,"43":0,"44":0,"45":0,"46":0,"47":0,"48":0,"49":0,"50":0,"51":0,"52":0,"53":0,"54":0},"f":{"0":0,"1":0,"2":0,"3":0,"4":0,"5":0,"6":0,"7":0,"8":0,"9":0},"b":{"0":[0],"1":[0],"2":[0,0],"3":[0,0],"4":[0,0],"5":[0,0,0],"6":[0,0],"7":[0,0],"8":[0,0],"9":[0,0],"10":[0,0,0],"11":[0,0],"12":[0,0],"13":[0,0],"14":[0,0],"15":[0,0],"16":[0,0],"17":[0,0],"18":[0,0]},"_coverageSchema":"1a1c01bbd47fc00a2c39e90264f33305004495a9","hash":"09d7b19f2af06f71e28ce84ce78cebfa28acd647"}
,"C:\\Users\\skybo\\.vscode\\stock_tracker_app_v2\\public\\ui\\helpers.js": {"path":"C:\\Users\\skybo\\.vscode\\stock_tracker_app_v2\\public\\ui\\helpers.js","statementMap":{"0":{"start":{"line":9,"column":4},"end":{"line":9,"column":80}},"1":{"start":{"line":9,"column":68},"end":{"line":9,"column":78}},"2":{"start":{"line":10,"column":20},"end":{"line":10,"column":48}},"3":{"start":{"line":11,"column":4},"end":{"line":11,"column":64}},"4":{"start":{"line":11,"column":28},"end":{"line":11,"column":62}},"5":{"start":{"line":12,"column":4},"end":{"line":12,"column":51}},"6":{"start":{"line":22,"column":4},"end":{"line":22,"column":80}},"7":{"start":{"line":22,"column":68},"end":{"line":22,"column":78}},"8":{"start":{"line":23,"column":4},"end":{"line":23,"column":125}},"9":{"start":{"line":23,"column":50},"end":{"line":23,"column":123}},"10":{"start":{"line":24,"column":4},"end":{"line":24,"column":64}},"11":{"start":{"line":24,"column":51},"end":{"line":24,"column":62}},"12":{"start":{"line":25,"column":23},"end":{"line":25,"column":33}},"13":{"start":{"line":26,"column":26},"end":{"line":26,"column":42}},"14":{"start":{"line":27,"column":18},"end":{"line":27,"column":91}},"15":{"start":{"line":28,"column":4},"end":{"line":28,"column":59}},"16":{"start":{"line":28,"column":23},"end":{"line":28,"column":57}},"17":{"start":{"line":29,"column":26},"end":{"line":29,"column":72}},"18":{"start":{"line":30,"column":4},"end":{"line":30,"column":64}},"19":{"start":{"line":30,"column":22},"end":{"line":30,"column":62}},"20":{"start":{"line":31,"column":4},"end":{"line":31,"column":65}},"21":{"start":{"line":42,"column":22},"end":{"line":42,"column":64}},"22":{"start":{"line":43,"column":18},"end":{"line":43,"column":47}},"23":{"start":{"line":44,"column":4},"end":{"line":44,"column":44}},"24":{"start":{"line":45,"column":4},"end":{"line":45,"column":32}},"25":{"start":{"line":46,"column":4},"end":{"line":46,"column":47}},"26":{"start":{"line":46,"column":18},"end":{"line":46,"column":47}},"27":{"start":{"line":47,"column":4},"end":{"line":47,"column":52}},"28":{"start":{"line":47,"column":23},"end":{"line":47,"column":38}},"29":{"start":{"line":55,"column":4},"end":{"line":55,"column":84}},"30":{"start":{"line":64,"column":12},"end":{"line":64,"column":14}},"31":{"start":{"line":65,"column":13},"end":{"line":65,"column":63}},"32":{"start":{"line":66,"column":4},"end":{"line":70,"column":5}},"33":{"start":{"line":67,"column":20},"end":{"line":67,"column":34}},"34":{"start":{"line":68,"column":8},"end":{"line":68,"column":75}},"35":{"start":{"line":68,"column":34},"end":{"line":68,"column":73}},"36":{"start":{"line":69,"column":8},"end":{"line":69,"column":43}},"37":{"start":{"line":71,"column":4},"end":{"line":71,"column":23}},"38":{"start":{"line":79,"column":26},"end":{"line":79,"column":83}},"39":{"start":{"line":80,"column":31},"end":{"line":80,"column":65}},"40":{"start":{"line":81,"column":24},"end":{"line":81,"column":81}},"41":{"start":{"line":81,"column":52},"end":{"line":81,"column":80}},"42":{"start":{"line":82,"column":4},"end":{"line":82,"column":126}},"43":{"start":{"line":82,"column":55},"end":{"line":82,"column":124}},"44":{"start":{"line":83,"column":4},"end":{"line":83,"column":40}},"45":{"start":{"line":83,"column":32},"end":{"line":83,"column":38}},"46":{"start":{"line":94,"column":25},"end":{"line":94,"column":65}},"47":{"start":{"line":95,"column":4},"end":{"line":95,"column":71}},"48":{"start":{"line":96,"column":4},"end":{"line":96,"column":69}},"49":{"start":{"line":97,"column":23},"end":{"line":97,"column":75}},"50":{"start":{"line":98,"column":22},"end":{"line":98,"column":73}},"51":{"start":{"line":100,"column":26},"end":{"line":100,"column":52}},"52":{"start":{"line":101,"column":4},"end":{"line":101,"column":66}},"53":{"start":{"line":103,"column":23},"end":{"line":103,"column":69}},"54":{"start":{"line":103,"column":29},"end":{"line":103,"column":69}},"55":{"start":{"line":105,"column":4},"end":{"line":108,"column":7}},"56":{"start":{"line":106,"column":8},"end":{"line":106,"column":20}},"57":{"start":{"line":107,"column":8},"end":{"line":107,"column":21}},"58":{"start":{"line":110,"column":4},"end":{"line":110,"column":52}},"59":{"start":{"line":111,"column":4},"end":{"line":111,"column":42}},"60":{"start":{"line":121,"column":34},"end":{"line":121,"column":85}},"61":{"start":{"line":122,"column":30},"end":{"line":122,"column":31}},"62":{"start":{"line":123,"column":28},"end":{"line":123,"column":29}},"63":{"start":{"line":125,"column":4},"end":{"line":157,"column":7}},"64":{"start":{"line":126,"column":20},"end":{"line":126,"column":65}},"65":{"start":{"line":127,"column":8},"end":{"line":127,"column":25}},"66":{"start":{"line":127,"column":18},"end":{"line":127,"column":25}},"67":{"start":{"line":129,"column":27},"end":{"line":129,"column":53}},"68":{"start":{"line":130,"column":26},"end":{"line":130,"column":61}},"69":{"start":{"line":131,"column":31},"end":{"line":131,"column":75}},"70":{"start":{"line":133,"column":8},"end":{"line":156,"column":9}},"71":{"start":{"line":134,"column":12},"end":{"line":134,"column":89}},"72":{"start":{"line":134,"column":27},"end":{"line":134,"column":89}},"73":{"start":{"line":135,"column":12},"end":{"line":135,"column":64}},"74":{"start":{"line":135,"column":32},"end":{"line":135,"column":64}},"75":{"start":{"line":136,"column":15},"end":{"line":156,"column":9}},"76":{"start":{"line":137,"column":33},"end":{"line":137,"column":68}},"77":{"start":{"line":138,"column":36},"end":{"line":138,"column":75}},"78":{"start":{"line":139,"column":33},"end":{"line":139,"column":63}},"79":{"start":{"line":140,"column":38},"end":{"line":140,"column":106}},"80":{"start":{"line":142,"column":12},"end":{"line":142,"column":48}},"81":{"start":{"line":143,"column":12},"end":{"line":143,"column":46}},"82":{"start":{"line":145,"column":12},"end":{"line":145,"column":78}},"83":{"start":{"line":145,"column":27},"end":{"line":145,"column":78}},"84":{"start":{"line":147,"column":12},"end":{"line":152,"column":13}},"85":{"start":{"line":148,"column":37},"end":{"line":148,"column":67}},"86":{"start":{"line":149,"column":38},"end":{"line":149,"column":72}},"87":{"start":{"line":150,"column":16},"end":{"line":150,"column":80}},"88":{"start":{"line":151,"column":16},"end":{"line":151,"column":123}},"89":{"start":{"line":154,"column":12},"end":{"line":154,"column":54}},"90":{"start":{"line":154,"column":27},"end":{"line":154,"column":54}},"91":{"start":{"line":155,"column":12},"end":{"line":155,"column":64}},"92":{"start":{"line":155,"column":32},"end":{"line":155,"column":64}},"93":{"start":{"line":159,"column":4},"end":{"line":159,"column":129}},"94":{"start":{"line":159,"column":33},"end":{"line":159,"column":127}},"95":{"start":{"line":161,"column":24},"end":{"line":161,"column":70}},"96":{"start":{"line":162,"column":4},"end":{"line":165,"column":5}},"97":{"start":{"line":163,"column":8},"end":{"line":163,"column":90}},"98":{"start":{"line":164,"column":8},"end":{"line":164,"column":94}},"99":{"start":{"line":174,"column":16},"end":{"line":174,"column":26}},"100":{"start":{"line":175,"column":20},"end":{"line":175,"column":91}},"101":{"start":{"line":176,"column":22},"end":{"line":176,"column":38}},"102":{"start":{"line":177,"column":17},"end":{"line":177,"column":35}},"103":{"start":{"line":178,"column":19},"end":{"line":178,"column":39}},"104":{"start":{"line":180,"column":22},"end":{"line":180,"column":52}},"105":{"start":{"line":181,"column":4},"end":{"line":183,"column":5}},"106":{"start":{"line":182,"column":8},"end":{"line":182,"column":24}},"107":{"start":{"line":185,"column":4},"end":{"line":185,"column":34}},"108":{"start":{"line":185,"column":18},"end":{"line":185,"column":34}},"109":{"start":{"line":186,"column":4},"end":{"line":186,"column":69}},"110":{"start":{"line":186,"column":49},"end":{"line":186,"column":69}},"111":{"start":{"line":187,"column":4},"end":{"line":187,"column":42}},"112":{"start":{"line":187,"column":19},"end":{"line":187,"column":42}},"113":{"start":{"line":188,"column":4},"end":{"line":188,"column":40}},"114":{"start":{"line":188,"column":19},"end":{"line":188,"column":40}},"115":{"start":{"line":190,"column":4},"end":{"line":190,"column":20}},"116":{"start":{"line":198,"column":20},"end":{"line":198,"column":98}},"117":{"start":{"line":199,"column":20},"end":{"line":199,"column":38}},"118":{"start":{"line":201,"column":4},"end":{"line":206,"column":5}},"119":{"start":{"line":202,"column":8},"end":{"line":202,"column":51}},"120":{"start":{"line":204,"column":9},"end":{"line":206,"column":5}},"121":{"start":{"line":205,"column":8},"end":{"line":205,"column":51}},"122":{"start":{"line":208,"column":4},"end":{"line":208,"column":49}},"123":{"start":{"line":218,"column":19},"end":{"line":218,"column":31}},"124":{"start":{"line":219,"column":21},"end":{"line":219,"column":48}},"125":{"start":{"line":220,"column":20},"end":{"line":220,"column":72}},"126":{"start":{"line":221,"column":17},"end":{"line":221,"column":57}},"127":{"start":{"line":223,"column":4},"end":{"line":234,"column":7}},"128":{"start":{"line":224,"column":21},"end":{"line":224,"column":62}},"129":{"start":{"line":225,"column":21},"end":{"line":225,"column":62}},"130":{"start":{"line":227,"column":8},"end":{"line":233,"column":9}},"131":{"start":{"line":228,"column":25},"end":{"line":228,"column":71}},"132":{"start":{"line":229,"column":25},"end":{"line":229,"column":71}},"133":{"start":{"line":230,"column":12},"end":{"line":230,"column":67}},"134":{"start":{"line":232,"column":12},"end":{"line":232,"column":93}},"135":{"start":{"line":236,"column":23},"end":{"line":236,"column":48}},"136":{"start":{"line":237,"column":4},"end":{"line":239,"column":5}},"137":{"start":{"line":238,"column":8},"end":{"line":238,"column":61}},"138":{"start":{"line":240,"column":4},"end":{"line":240,"column":73}},"139":{"start":{"line":241,"column":4},"end":{"line":241,"column":26}}},"fnMap":{"0":{"name":"formatQuantity","decl":{"start":{"line":8,"column":16},"end":{"line":8,"column":30}},"loc":{"start":{"line":8,"column":39},"end":{"line":13,"column":1}},"line":8},"1":{"name":"formatAccounting","decl":{"start":{"line":21,"column":16},"end":{"line":21,"column":32}},"loc":{"start":{"line":21,"column":60},"end":{"line":32,"column":1}},"line":21},"2":{"name":"showToast","decl":{"start":{"line":41,"column":16},"end":{"line":41,"column":25}},"loc":{"start":{"line":41,"column":68},"end":{"line":48,"column":1}},"line":41},"3":{"name":"(anonymous_3)","decl":{"start":{"line":47,"column":15},"end":{"line":47,"column":16}},"loc":{"start":{"line":47,"column":21},"end":{"line":47,"column":40}},"line":47},"4":{"name":"getCurrentESTDateString","decl":{"start":{"line":54,"column":16},"end":{"line":54,"column":39}},"loc":{"start":{"line":54,"column":42},"end":{"line":56,"column":1}},"line":54},"5":{"name":"getTradingDays","decl":{"start":{"line":63,"column":16},"end":{"line":63,"column":30}},"loc":{"start":{"line":63,"column":34},"end":{"line":72,"column":1}},"line":63},"6":{"name":"getActivePersistentDates","decl":{"start":{"line":78,"column":16},"end":{"line":78,"column":40}},"loc":{"start":{"line":78,"column":43},"end":{"line":84,"column":1}},"line":78},"7":{"name":"(anonymous_7)","decl":{"start":{"line":81,"column":47},"end":{"line":81,"column":48}},"loc":{"start":{"line":81,"column":52},"end":{"line":81,"column":80}},"line":81},"8":{"name":"(anonymous_8)","decl":{"start":{"line":83,"column":27},"end":{"line":83,"column":28}},"loc":{"start":{"line":83,"column":32},"end":{"line":83,"column":38}},"line":83},"9":{"name":"showConfirmationModal","decl":{"start":{"line":93,"column":16},"end":{"line":93,"column":37}},"loc":{"start":{"line":93,"column":62},"end":{"line":112,"column":1}},"line":93},"10":{"name":"(anonymous_10)","decl":{"start":{"line":103,"column":23},"end":{"line":103,"column":24}},"loc":{"start":{"line":103,"column":29},"end":{"line":103,"column":69}},"line":103},"11":{"name":"(anonymous_11)","decl":{"start":{"line":105,"column":44},"end":{"line":105,"column":45}},"loc":{"start":{"line":105,"column":50},"end":{"line":108,"column":5}},"line":105},"12":{"name":"populatePricesFromCache","decl":{"start":{"line":120,"column":16},"end":{"line":120,"column":39}},"loc":{"start":{"line":120,"column":65},"end":{"line":166,"column":1}},"line":120},"13":{"name":"(anonymous_13)","decl":{"start":{"line":125,"column":24},"end":{"line":125,"column":25}},"loc":{"start":{"line":125,"column":38},"end":{"line":157,"column":5}},"line":125},"14":{"name":"getUSMarketStatus","decl":{"start":{"line":173,"column":16},"end":{"line":173,"column":33}},"loc":{"start":{"line":173,"column":36},"end":{"line":191,"column":1}},"line":173},"15":{"name":"getMostRecentTradingDay","decl":{"start":{"line":197,"column":16},"end":{"line":197,"column":39}},"loc":{"start":{"line":197,"column":42},"end":{"line":209,"column":1}},"line":197},"16":{"name":"sortTableByColumn","decl":{"start":{"line":217,"column":16},"end":{"line":217,"column":33}},"loc":{"start":{"line":217,"column":45},"end":{"line":242,"column":1}},"line":217},"17":{"name":"(anonymous_17)","decl":{"start":{"line":223,"column":14},"end":{"line":223,"column":15}},"loc":{"start":{"line":223,"column":24},"end":{"line":234,"column":5}},"line":223}},"branchMap":{"0":{"loc":{"start":{"line":9,"column":4},"end":{"line":9,"column":80}},"type":"if","locations":[{"start":{"line":9,"column":4},"end":{"line":9,"column":80}},{"start":{},"end":{}}],"line":9},"1":{"loc":{"start":{"line":9,"column":8},"end":{"line":9,"column":64}},"type":"binary-expr","locations":[{"start":{"line":9,"column":8},"end":{"line":9,"column":23}},{"start":{"line":9,"column":27},"end":{"line":9,"column":47}},{"start":{"line":9,"column":51},"end":{"line":9,"column":64}}],"line":9},"2":{"loc":{"start":{"line":11,"column":4},"end":{"line":11,"column":64}},"type":"if","locations":[{"start":{"line":11,"column":4},"end":{"line":11,"column":64}},{"start":{},"end":{}}],"line":11},"3":{"loc":{"start":{"line":21,"column":41},"end":{"line":21,"column":58}},"type":"default-arg","locations":[{"start":{"line":21,"column":54},"end":{"line":21,"column":58}}],"line":21},"4":{"loc":{"start":{"line":22,"column":4},"end":{"line":22,"column":80}},"type":"if","locations":[{"start":{"line":22,"column":4},"end":{"line":22,"column":80}},{"start":{},"end":{}}],"line":22},"5":{"loc":{"start":{"line":22,"column":8},"end":{"line":22,"column":64}},"type":"binary-expr","locations":[{"start":{"line":22,"column":8},"end":{"line":22,"column":23}},{"start":{"line":22,"column":27},"end":{"line":22,"column":47}},{"start":{"line":22,"column":51},"end":{"line":22,"column":64}}],"line":22},"6":{"loc":{"start":{"line":23,"column":4},"end":{"line":23,"column":125}},"type":"if","locations":[{"start":{"line":23,"column":4},"end":{"line":23,"column":125}},{"start":{},"end":{}}],"line":23},"7":{"loc":{"start":{"line":23,"column":8},"end":{"line":23,"column":46}},"type":"binary-expr","locations":[{"start":{"line":23,"column":8},"end":{"line":23,"column":32}},{"start":{"line":23,"column":36},"end":{"line":23,"column":46}}],"line":23},"8":{"loc":{"start":{"line":23,"column":57},"end":{"line":23,"column":122}},"type":"cond-expr","locations":[{"start":{"line":23,"column":70},"end":{"line":23,"column":116}},{"start":{"line":23,"column":119},"end":{"line":23,"column":122}}],"line":23},"9":{"loc":{"start":{"line":24,"column":4},"end":{"line":24,"column":64}},"type":"if","locations":[{"start":{"line":24,"column":4},"end":{"line":24,"column":64}},{"start":{},"end":{}}],"line":24},"10":{"loc":{"start":{"line":24,"column":8},"end":{"line":24,"column":47}},"type":"binary-expr","locations":[{"start":{"line":24,"column":8},"end":{"line":24,"column":32}},{"start":{"line":24,"column":36},"end":{"line":24,"column":47}}],"line":24},"11":{"loc":{"start":{"line":28,"column":4},"end":{"line":28,"column":59}},"type":"if","locations":[{"start":{"line":28,"column":4},"end":{"line":28,"column":59}},{"start":{},"end":{}}],"line":28},"12":{"loc":{"start":{"line":30,"column":4},"end":{"line":30,"column":64}},"type":"if","locations":[{"start":{"line":30,"column":4},"end":{"line":30,"column":64}},{"start":{},"end":{}}],"line":30},"13":{"loc":{"start":{"line":31,"column":11},"end":{"line":31,"column":64}},"type":"cond-expr","locations":[{"start":{"line":31,"column":24},"end":{"line":31,"column":46}},{"start":{"line":31,"column":49},"end":{"line":31,"column":64}}],"line":31},"14":{"loc":{"start":{"line":41,"column":35},"end":{"line":41,"column":48}},"type":"default-arg","locations":[{"start":{"line":41,"column":42},"end":{"line":41,"column":48}}],"line":41},"15":{"loc":{"start":{"line":41,"column":50},"end":{"line":41,"column":66}},"type":"default-arg","locations":[{"start":{"line":41,"column":61},"end":{"line":41,"column":66}}],"line":41},"16":{"loc":{"start":{"line":46,"column":4},"end":{"line":46,"column":47}},"type":"if","locations":[{"start":{"line":46,"column":4},"end":{"line":46,"column":47}},{"start":{},"end":{}}],"line":46},"17":{"loc":{"start":{"line":68,"column":8},"end":{"line":68,"column":75}},"type":"if","locations":[{"start":{"line":68,"column":8},"end":{"line":68,"column":75}},{"start":{},"end":{}}],"line":68},"18":{"loc":{"start":{"line":68,"column":12},"end":{"line":68,"column":30}},"type":"binary-expr","locations":[{"start":{"line":68,"column":12},"end":{"line":68,"column":19}},{"start":{"line":68,"column":23},"end":{"line":68,"column":30}}],"line":68},"19":{"loc":{"start":{"line":79,"column":26},"end":{"line":79,"column":83}},"type":"binary-expr","locations":[{"start":{"line":79,"column":26},"end":{"line":79,"column":77}},{"start":{"line":79,"column":81},"end":{"line":79,"column":83}}],"line":79},"20":{"loc":{"start":{"line":82,"column":4},"end":{"line":82,"column":126}},"type":"if","locations":[{"start":{"line":82,"column":4},"end":{"line":82,"column":126}},{"start":{},"end":{}}],"line":82},"21":{"loc":{"start":{"line":127,"column":8},"end":{"line":127,"column":25}},"type":"if","locations":[{"start":{"line":127,"column":8},"end":{"line":127,"column":25}},{"start":{},"end":{}}],"line":127},"22":{"loc":{"start":{"line":133,"column":8},"end":{"line":156,"column":9}},"type":"if","locations":[{"start":{"line":133,"column":8},"end":{"line":156,"column":9}},{"start":{"line":136,"column":15},"end":{"line":156,"column":9}}],"line":133},"23":{"loc":{"start":{"line":134,"column":12},"end":{"line":134,"column":89}},"type":"if","locations":[{"start":{"line":134,"column":12},"end":{"line":134,"column":89}},{"start":{},"end":{}}],"line":134},"24":{"loc":{"start":{"line":135,"column":12},"end":{"line":135,"column":64}},"type":"if","locations":[{"start":{"line":135,"column":12},"end":{"line":135,"column":64}},{"start":{},"end":{}}],"line":135},"25":{"loc":{"start":{"line":136,"column":15},"end":{"line":156,"column":9}},"type":"if","locations":[{"start":{"line":136,"column":15},"end":{"line":156,"column":9}},{"start":{"line":153,"column":15},"end":{"line":156,"column":9}}],"line":136},"26":{"loc":{"start":{"line":140,"column":38},"end":{"line":140,"column":106}},"type":"cond-expr","locations":[{"start":{"line":140,"column":64},"end":{"line":140,"column":102}},{"start":{"line":140,"column":105},"end":{"line":140,"column":106}}],"line":140},"27":{"loc":{"start":{"line":145,"column":12},"end":{"line":145,"column":78}},"type":"if","locations":[{"start":{"line":145,"column":12},"end":{"line":145,"column":78}},{"start":{},"end":{}}],"line":145},"28":{"loc":{"start":{"line":147,"column":12},"end":{"line":152,"column":13}},"type":"if","locations":[{"start":{"line":147,"column":12},"end":{"line":152,"column":13}},{"start":{},"end":{}}],"line":147},"29":{"loc":{"start":{"line":151,"column":77},"end":{"line":151,"column":120}},"type":"cond-expr","locations":[{"start":{"line":151,"column":97},"end":{"line":151,"column":107}},{"start":{"line":151,"column":110},"end":{"line":151,"column":120}}],"line":151},"30":{"loc":{"start":{"line":154,"column":12},"end":{"line":154,"column":54}},"type":"if","locations":[{"start":{"line":154,"column":12},"end":{"line":154,"column":54}},{"start":{},"end":{}}],"line":154},"31":{"loc":{"start":{"line":155,"column":12},"end":{"line":155,"column":64}},"type":"if","locations":[{"start":{"line":155,"column":12},"end":{"line":155,"column":64}},{"start":{},"end":{}}],"line":155},"32":{"loc":{"start":{"line":159,"column":4},"end":{"line":159,"column":129}},"type":"if","locations":[{"start":{"line":159,"column":4},"end":{"line":159,"column":129}},{"start":{},"end":{}}],"line":159},"33":{"loc":{"start":{"line":162,"column":4},"end":{"line":165,"column":5}},"type":"if","locations":[{"start":{"line":162,"column":4},"end":{"line":165,"column":5}},{"start":{},"end":{}}],"line":162},"34":{"loc":{"start":{"line":164,"column":43},"end":{"line":164,"column":91}},"type":"cond-expr","locations":[{"start":{"line":164,"column":68},"end":{"line":164,"column":78}},{"start":{"line":164,"column":81},"end":{"line":164,"column":91}}],"line":164},"35":{"loc":{"start":{"line":180,"column":22},"end":{"line":180,"column":52}},"type":"binary-expr","locations":[{"start":{"line":180,"column":22},"end":{"line":180,"column":35}},{"start":{"line":180,"column":39},"end":{"line":180,"column":52}}],"line":180},"36":{"loc":{"start":{"line":181,"column":4},"end":{"line":183,"column":5}},"type":"if","locations":[{"start":{"line":181,"column":4},"end":{"line":183,"column":5}},{"start":{},"end":{}}],"line":181},"37":{"loc":{"start":{"line":185,"column":4},"end":{"line":185,"column":34}},"type":"if","locations":[{"start":{"line":185,"column":4},"end":{"line":185,"column":34}},{"start":{},"end":{}}],"line":185},"38":{"loc":{"start":{"line":186,"column":4},"end":{"line":186,"column":69}},"type":"if","locations":[{"start":{"line":186,"column":4},"end":{"line":186,"column":69}},{"start":{},"end":{}}],"line":186},"39":{"loc":{"start":{"line":186,"column":8},"end":{"line":186,"column":47}},"type":"binary-expr","locations":[{"start":{"line":186,"column":8},"end":{"line":186,"column":16}},{"start":{"line":186,"column":21},"end":{"line":186,"column":31}},{"start":{"line":186,"column":35},"end":{"line":186,"column":46}}],"line":186},"40":{"loc":{"start":{"line":187,"column":4},"end":{"line":187,"column":42}},"type":"if","locations":[{"start":{"line":187,"column":4},"end":{"line":187,"column":42}},{"start":{},"end":{}}],"line":187},"41":{"loc":{"start":{"line":188,"column":4},"end":{"line":188,"column":40}},"type":"if","locations":[{"start":{"line":188,"column":4},"end":{"line":188,"column":40}},{"start":{},"end":{}}],"line":188},"42":{"loc":{"start":{"line":201,"column":4},"end":{"line":206,"column":5}},"type":"if","locations":[{"start":{"line":201,"column":4},"end":{"line":206,"column":5}},{"start":{"line":204,"column":9},"end":{"line":206,"column":5}}],"line":201},"43":{"loc":{"start":{"line":204,"column":9},"end":{"line":206,"column":5}},"type":"if","locations":[{"start":{"line":204,"column":9},"end":{"line":206,"column":5}},{"start":{},"end":{}}],"line":204},"44":{"loc":{"start":{"line":219,"column":21},"end":{"line":219,"column":48}},"type":"binary-expr","locations":[{"start":{"line":219,"column":21},"end":{"line":219,"column":36}},{"start":{"line":219,"column":40},"end":{"line":219,"column":48}}],"line":219},"45":{"loc":{"start":{"line":220,"column":20},"end":{"line":220,"column":72}},"type":"cond-expr","locations":[{"start":{"line":220,"column":58},"end":{"line":220,"column":64}},{"start":{"line":220,"column":67},"end":{"line":220,"column":72}}],"line":220},"46":{"loc":{"start":{"line":224,"column":21},"end":{"line":224,"column":62}},"type":"binary-expr","locations":[{"start":{"line":224,"column":21},"end":{"line":224,"column":56}},{"start":{"line":224,"column":60},"end":{"line":224,"column":62}}],"line":224},"47":{"loc":{"start":{"line":225,"column":21},"end":{"line":225,"column":62}},"type":"binary-expr","locations":[{"start":{"line":225,"column":21},"end":{"line":225,"column":56}},{"start":{"line":225,"column":60},"end":{"line":225,"column":62}}],"line":225},"48":{"loc":{"start":{"line":227,"column":8},"end":{"line":233,"column":9}},"type":"if","locations":[{"start":{"line":227,"column":8},"end":{"line":233,"column":9}},{"start":{"line":231,"column":15},"end":{"line":233,"column":9}}],"line":227},"49":{"loc":{"start":{"line":228,"column":25},"end":{"line":228,"column":71}},"type":"binary-expr","locations":[{"start":{"line":228,"column":25},"end":{"line":228,"column":66}},{"start":{"line":228,"column":70},"end":{"line":228,"column":71}}],"line":228},"50":{"loc":{"start":{"line":229,"column":25},"end":{"line":229,"column":71}},"type":"binary-expr","locations":[{"start":{"line":229,"column":25},"end":{"line":229,"column":66}},{"start":{"line":229,"column":70},"end":{"line":229,"column":71}}],"line":229},"51":{"loc":{"start":{"line":230,"column":19},"end":{"line":230,"column":66}},"type":"cond-expr","locations":[{"start":{"line":230,"column":41},"end":{"line":230,"column":52}},{"start":{"line":230,"column":55},"end":{"line":230,"column":66}}],"line":230},"52":{"loc":{"start":{"line":232,"column":19},"end":{"line":232,"column":92}},"type":"cond-expr","locations":[{"start":{"line":232,"column":41},"end":{"line":232,"column":65}},{"start":{"line":232,"column":68},"end":{"line":232,"column":92}}],"line":232},"53":{"loc":{"start":{"line":240,"column":21},"end":{"line":240,"column":71}},"type":"cond-expr","locations":[{"start":{"line":240,"column":43},"end":{"line":240,"column":55}},{"start":{"line":240,"column":58},"end":{"line":240,"column":71}}],"line":240}},"s":{"0":0,"1":0,"2":0,"3":0,"4":0,"5":0,"6":9,"7":2,"8":7,"9":1,"10":6,"11":0,"12":6,"13":6,"14":6,"15":6,"16":0,"17":6,"18":6,"19":6,"20":6,"21":1,"22":1,"23":1,"24":1,"25":1,"26":0,"27":1,"28":0,"29":1,"30":1,"31":1,"32":1,"33":5,"34":5,"35":3,"36":5,"37":1,"38":0,"39":0,"40":0,"41":0,"42":0,"43":0,"44":0,"45":0,"46":0,"47":0,"48":0,"49":0,"50":0,"51":0,"52":0,"53":0,"54":0,"55":0,"56":0,"57":0,"58":0,"59":0,"60":1,"61":1,"62":1,"63":1,"64":1,"65":1,"66":0,"67":1,"68":1,"69":1,"70":1,"71":0,"72":0,"73":0,"74":0,"75":1,"76":1,"77":1,"78":1,"79":1,"80":1,"81":1,"82":1,"83":1,"84":1,"85":1,"86":1,"87":1,"88":1,"89":0,"90":0,"91":0,"92":0,"93":1,"94":1,"95":1,"96":1,"97":1,"98":1,"99":0,"100":0,"101":0,"102":0,"103":0,"104":0,"105":0,"106":0,"107":0,"108":0,"109":0,"110":0,"111":0,"112":0,"113":0,"114":0,"115":0,"116":0,"117":0,"118":0,"119":0,"120":0,"121":0,"122":0,"123":0,"124":0,"125":0,"126":0,"127":0,"128":0,"129":0,"130":0,"131":0,"132":0,"133":0,"134":0,"135":0,"136":0,"137":0,"138":0,"139":0},"f":{"0":0,"1":9,"2":1,"3":0,"4":1,"5":1,"6":0,"7":0,"8":0,"9":0,"10":0,"11":0,"12":1,"13":1,"14":0,"15":0,"16":0,"17":0},"b":{"0":[0,0],"1":[0,0,0],"2":[0,0],"3":[9],"4":[2,7],"5":[9,8,7],"6":[1,6],"7":[7,1],"8":[1,0],"9":[0,6],"10":[6,0],"11":[0,6],"12":[6,0],"13":[1,5],"14":[0],"15":[1],"16":[0,1],"17":[3,2],"18":[5,4],"19":[0,0],"20":[0,0],"21":[0,1],"22":[0,1],"23":[0,0],"24":[0,0],"25":[1,0],"26":[1,0],"27":[1,0],"28":[1,0],"29":[1,0],"30":[0,0],"31":[0,0],"32":[1,0],"33":[1,0],"34":[1,0],"35":[0,0],"36":[0,0],"37":[0,0],"38":[0,0],"39":[0,0,0],"40":[0,0],"41":[0,0],"42":[0,0],"43":[0,0],"44":[0,0],"45":[0,0],"46":[0,0],"47":[0,0],"48":[0,0],"49":[0,0],"50":[0,0],"51":[0,0],"52":[0,0],"53":[0,0]},"_coverageSchema":"1a1c01bbd47fc00a2c39e90264f33305004495a9","hash":"ef470f3d22758da58ac3c13e8173991ebdf7a458"}
,"C:\\Users\\skybo\\.vscode\\stock_tracker_app_v2\\public\\ui\\renderers.js": {"path":"C:\\Users\\skybo\\.vscode\\stock_tracker_app_v2\\public\\ui\\renderers.js","statementMap":{},"fnMap":{},"branchMap":{},"s":{},"f":{},"b":{},"_coverageSchema":"1a1c01bbd47fc00a2c39e90264f33305004495a9","hash":"c62ed619f5d367e7800d44b29fe87f3b4153be34"}
,"C:\\Users\\skybo\\.vscode\\stock_tracker_app_v2\\public\\ui\\renderers\\_alerts.js": {"path":"C:\\Users\\skybo\\.vscode\\stock_tracker_app_v2\\public\\ui\\renderers\\_alerts.js","statementMap":{"0":{"start":{"line":13,"column":62},"end":{"line":13,"column":107}},"1":{"start":{"line":14,"column":4},"end":{"line":14,"column":27}},"2":{"start":{"line":14,"column":20},"end":{"line":14,"column":27}},"3":{"start":{"line":16,"column":4},"end":{"line":16,"column":29}},"4":{"start":{"line":19,"column":4},"end":{"line":19,"column":32}},"5":{"start":{"line":21,"column":4},"end":{"line":24,"column":5}},"6":{"start":{"line":22,"column":8},"end":{"line":22,"column":86}},"7":{"start":{"line":23,"column":8},"end":{"line":23,"column":15}},"8":{"start":{"line":27,"column":4},"end":{"line":38,"column":7}},"9":{"start":{"line":28,"column":20},"end":{"line":28,"column":41}},"10":{"start":{"line":29,"column":8},"end":{"line":37,"column":10}}},"fnMap":{"0":{"name":"renderAlertsPage","decl":{"start":{"line":12,"column":16},"end":{"line":12,"column":32}},"loc":{"start":{"line":12,"column":41},"end":{"line":39,"column":1}},"line":12},"1":{"name":"(anonymous_1)","decl":{"start":{"line":27,"column":19},"end":{"line":27,"column":20}},"loc":{"start":{"line":27,"column":28},"end":{"line":38,"column":5}},"line":27}},"branchMap":{"0":{"loc":{"start":{"line":14,"column":4},"end":{"line":14,"column":27}},"type":"if","locations":[{"start":{"line":14,"column":4},"end":{"line":14,"column":27}},{"start":{},"end":{}}],"line":14},"1":{"loc":{"start":{"line":21,"column":4},"end":{"line":24,"column":5}},"type":"if","locations":[{"start":{"line":21,"column":4},"end":{"line":24,"column":5}},{"start":{},"end":{}}],"line":21}},"s":{"0":0,"1":0,"2":0,"3":0,"4":0,"5":0,"6":0,"7":0,"8":0,"9":0,"10":0},"f":{"0":0,"1":0},"b":{"0":[0,0],"1":[0,0]},"_coverageSchema":"1a1c01bbd47fc00a2c39e90264f33305004495a9","hash":"a465510d5bc29c365e84b22c6d253d355f9b2767"}
,"C:\\Users\\skybo\\.vscode\\stock_tracker_app_v2\\public\\ui\\renderers\\_charts.js": {"path":"C:\\Users\\skybo\\.vscode\\stock_tracker_app_v2\\public\\ui\\renderers\\_charts.js","statementMap":{"0":{"start":{"line":19,"column":4},"end":{"line":19,"column":47}},"1":{"start":{"line":19,"column":23},"end":{"line":19,"column":47}},"2":{"start":{"line":20,"column":4},"end":{"line":20,"column":26}},"3":{"start":{"line":20,"column":14},"end":{"line":20,"column":26}},"4":{"start":{"line":21,"column":4},"end":{"line":21,"column":39}},"5":{"start":{"line":32,"column":4},"end":{"line":32,"column":47}},"6":{"start":{"line":32,"column":23},"end":{"line":32,"column":47}},"7":{"start":{"line":33,"column":4},"end":{"line":33,"column":26}},"8":{"start":{"line":33,"column":14},"end":{"line":33,"column":26}},"9":{"start":{"line":34,"column":28},"end":{"line":34,"column":45}},"10":{"start":{"line":35,"column":4},"end":{"line":35,"column":66}},"11":{"start":{"line":35,"column":38},"end":{"line":35,"column":66}},"12":{"start":{"line":36,"column":22},"end":{"line":36,"column":40}},"13":{"start":{"line":37,"column":20},"end":{"line":37,"column":45}},"14":{"start":{"line":38,"column":30},"end":{"line":38,"column":111}},"15":{"start":{"line":38,"column":52},"end":{"line":38,"column":110}},"16":{"start":{"line":39,"column":4},"end":{"line":39,"column":47}},"17":{"start":{"line":52,"column":4},"end":{"line":52,"column":47}},"18":{"start":{"line":52,"column":23},"end":{"line":52,"column":47}},"19":{"start":{"line":53,"column":4},"end":{"line":53,"column":26}},"20":{"start":{"line":53,"column":14},"end":{"line":53,"column":26}},"21":{"start":{"line":54,"column":18},"end":{"line":54,"column":56}},"22":{"start":{"line":55,"column":16},"end":{"line":55,"column":50}},"23":{"start":{"line":56,"column":28},"end":{"line":56,"column":30}},"24":{"start":{"line":57,"column":4},"end":{"line":59,"column":5}},"25":{"start":{"line":58,"column":8},"end":{"line":58,"column":102}},"26":{"start":{"line":58,"column":50},"end":{"line":58,"column":100}},"27":{"start":{"line":60,"column":4},"end":{"line":60,"column":47}},"28":{"start":{"line":71,"column":27},"end":{"line":71,"column":70}},"29":{"start":{"line":72,"column":65},"end":{"line":72,"column":106}},"30":{"start":{"line":73,"column":4},"end":{"line":73,"column":55}},"31":{"start":{"line":73,"column":48},"end":{"line":73,"column":55}},"32":{"start":{"line":74,"column":28},"end":{"line":74,"column":63}},"33":{"start":{"line":76,"column":29},"end":{"line":76,"column":69}},"34":{"start":{"line":77,"column":4},"end":{"line":80,"column":5}},"35":{"start":{"line":78,"column":22},"end":{"line":78,"column":72}},"36":{"start":{"line":79,"column":8},"end":{"line":79,"column":138}},"37":{"start":{"line":84,"column":64},"end":{"line":84,"column":104}},"38":{"start":{"line":85,"column":62},"end":{"line":85,"column":100}},"39":{"start":{"line":86,"column":28},"end":{"line":86,"column":78}},"40":{"start":{"line":87,"column":8},"end":{"line":87,"column":69}},"41":{"start":{"line":87,"column":62},"end":{"line":87,"column":69}},"42":{"start":{"line":88,"column":26},"end":{"line":88,"column":46}},"43":{"start":{"line":89,"column":24},"end":{"line":89,"column":42}},"44":{"start":{"line":91,"column":8},"end":{"line":109,"column":9}},"45":{"start":{"line":92,"column":24},"end":{"line":96,"column":14}},"46":{"start":{"line":97,"column":12},"end":{"line":105,"column":13}},"47":{"start":{"line":98,"column":31},"end":{"line":98,"column":47}},"48":{"start":{"line":99,"column":16},"end":{"line":102,"column":17}},"49":{"start":{"line":100,"column":21},"end":{"line":100,"column":116}},"50":{"start":{"line":101,"column":21},"end":{"line":101,"column":28}},"51":{"start":{"line":103,"column":31},"end":{"line":103,"column":163}},"52":{"start":{"line":103,"column":60},"end":{"line":103,"column":153}},"53":{"start":{"line":104,"column":16},"end":{"line":104,"column":260}},"54":{"start":{"line":107,"column":12},"end":{"line":107,"column":73}},"55":{"start":{"line":108,"column":12},"end":{"line":108,"column":91}},"56":{"start":{"line":113,"column":4},"end":{"line":120,"column":78}},"57":{"start":{"line":114,"column":27},"end":{"line":114,"column":116}},"58":{"start":{"line":115,"column":8},"end":{"line":119,"column":9}},"59":{"start":{"line":116,"column":27},"end":{"line":116,"column":50}},"60":{"start":{"line":117,"column":27},"end":{"line":117,"column":159}},"61":{"start":{"line":117,"column":56},"end":{"line":117,"column":149}},"62":{"start":{"line":118,"column":12},"end":{"line":118,"column":259}},"63":{"start":{"line":120,"column":22},"end":{"line":120,"column":76}},"64":{"start":{"line":123,"column":65},"end":{"line":123,"column":106}},"65":{"start":{"line":124,"column":67},"end":{"line":124,"column":110}},"66":{"start":{"line":125,"column":28},"end":{"line":125,"column":91}},"67":{"start":{"line":126,"column":30},"end":{"line":126,"column":97}},"68":{"start":{"line":127,"column":60},"end":{"line":127,"column":103}},"69":{"start":{"line":128,"column":58},"end":{"line":128,"column":99}},"70":{"start":{"line":131,"column":4},"end":{"line":138,"column":5}},"71":{"start":{"line":132,"column":8},"end":{"line":137,"column":9}},"72":{"start":{"line":133,"column":31},"end":{"line":133,"column":179}},"73":{"start":{"line":133,"column":78},"end":{"line":133,"column":141}},"74":{"start":{"line":134,"column":12},"end":{"line":134,"column":46}},"75":{"start":{"line":136,"column":12},"end":{"line":136,"column":61}},"76":{"start":{"line":139,"column":4},"end":{"line":141,"column":5}},"77":{"start":{"line":140,"column":8},"end":{"line":140,"column":55}},"78":{"start":{"line":144,"column":4},"end":{"line":144,"column":101}},"79":{"start":{"line":145,"column":4},"end":{"line":145,"column":101}},"80":{"start":{"line":146,"column":4},"end":{"line":146,"column":139}},"81":{"start":{"line":149,"column":4},"end":{"line":149,"column":52}},"82":{"start":{"line":152,"column":4},"end":{"line":154,"column":5}},"83":{"start":{"line":153,"column":8},"end":{"line":153,"column":76}},"84":{"start":{"line":153,"column":56},"end":{"line":153,"column":74}},"85":{"start":{"line":155,"column":4},"end":{"line":157,"column":5}},"86":{"start":{"line":156,"column":8},"end":{"line":156,"column":74}},"87":{"start":{"line":156,"column":54},"end":{"line":156,"column":72}},"88":{"start":{"line":159,"column":57},"end":{"line":159,"column":97}},"89":{"start":{"line":160,"column":55},"end":{"line":160,"column":93}},"90":{"start":{"line":161,"column":4},"end":{"line":161,"column":53}},"91":{"start":{"line":161,"column":20},"end":{"line":161,"column":53}},"92":{"start":{"line":162,"column":4},"end":{"line":162,"column":62}},"93":{"start":{"line":162,"column":18},"end":{"line":162,"column":62}},"94":{"start":{"line":163,"column":4},"end":{"line":163,"column":82}},"95":{"start":{"line":163,"column":20},"end":{"line":163,"column":82}},"96":{"start":{"line":164,"column":4},"end":{"line":164,"column":78}},"97":{"start":{"line":164,"column":18},"end":{"line":164,"column":78}},"98":{"start":{"line":165,"column":4},"end":{"line":165,"column":28}},"99":{"start":{"line":174,"column":65},"end":{"line":174,"column":115}},"100":{"start":{"line":175,"column":4},"end":{"line":175,"column":30}},"101":{"start":{"line":175,"column":23},"end":{"line":175,"column":30}},"102":{"start":{"line":176,"column":4},"end":{"line":176,"column":72}},"103":{"start":{"line":177,"column":4},"end":{"line":225,"column":5}},"104":{"start":{"line":178,"column":33},"end":{"line":178,"column":121}},"105":{"start":{"line":179,"column":8},"end":{"line":179,"column":92}},"106":{"start":{"line":179,"column":34},"end":{"line":179,"column":92}},"107":{"start":{"line":180,"column":21},"end":{"line":180,"column":50}},"108":{"start":{"line":181,"column":8},"end":{"line":184,"column":9}},"109":{"start":{"line":182,"column":12},"end":{"line":182,"column":99}},"110":{"start":{"line":183,"column":12},"end":{"line":183,"column":19}},"111":{"start":{"line":185,"column":32},"end":{"line":185,"column":59}},"112":{"start":{"line":185,"column":48},"end":{"line":185,"column":58}},"113":{"start":{"line":186,"column":30},"end":{"line":190,"column":10}},"114":{"start":{"line":191,"column":8},"end":{"line":191,"column":92}},"115":{"start":{"line":191,"column":31},"end":{"line":191,"column":92}},"116":{"start":{"line":192,"column":23},"end":{"line":192,"column":49}},"117":{"start":{"line":193,"column":8},"end":{"line":195,"column":9}},"118":{"start":{"line":194,"column":12},"end":{"line":194,"column":80}},"119":{"start":{"line":194,"column":41},"end":{"line":194,"column":80}},"120":{"start":{"line":196,"column":8},"end":{"line":196,"column":36}},"121":{"start":{"line":197,"column":32},"end":{"line":197,"column":33}},"122":{"start":{"line":198,"column":8},"end":{"line":218,"column":9}},"123":{"start":{"line":199,"column":31},"end":{"line":199,"column":57}},"124":{"start":{"line":200,"column":30},"end":{"line":200,"column":149}},"125":{"start":{"line":201,"column":31},"end":{"line":201,"column":104}},"126":{"start":{"line":202,"column":30},"end":{"line":202,"column":72}},"127":{"start":{"line":203,"column":33},"end":{"line":203,"column":86}},"128":{"start":{"line":204,"column":12},"end":{"line":204,"column":63}},"129":{"start":{"line":204,"column":29},"end":{"line":204,"column":63}},"130":{"start":{"line":206,"column":36},"end":{"line":206,"column":154}},"131":{"start":{"line":207,"column":37},"end":{"line":207,"column":191}},"132":{"start":{"line":209,"column":12},"end":{"line":217,"column":123}},"133":{"start":{"line":219,"column":25},"end":{"line":219,"column":49}},"134":{"start":{"line":220,"column":8},"end":{"line":220,"column":43}},"135":{"start":{"line":221,"column":8},"end":{"line":221,"column":215}},"136":{"start":{"line":223,"column":8},"end":{"line":223,"column":69}},"137":{"start":{"line":224,"column":8},"end":{"line":224,"column":116}}},"fnMap":{"0":{"name":"renderAllTimeChart","decl":{"start":{"line":18,"column":9},"end":{"line":18,"column":27}},"loc":{"start":{"line":18,"column":59},"end":{"line":22,"column":1}},"line":18},"1":{"name":"renderFiveDayChart","decl":{"start":{"line":31,"column":9},"end":{"line":31,"column":27}},"loc":{"start":{"line":31,"column":59},"end":{"line":40,"column":1}},"line":31},"2":{"name":"(anonymous_2)","decl":{"start":{"line":38,"column":47},"end":{"line":38,"column":48}},"loc":{"start":{"line":38,"column":52},"end":{"line":38,"column":110}},"line":38},"3":{"name":"renderDateRangeChart","decl":{"start":{"line":51,"column":9},"end":{"line":51,"column":29}},"loc":{"start":{"line":51,"column":85},"end":{"line":61,"column":1}},"line":51},"4":{"name":"(anonymous_4)","decl":{"start":{"line":58,"column":45},"end":{"line":58,"column":46}},"loc":{"start":{"line":58,"column":50},"end":{"line":58,"column":100}},"line":58},"5":{"name":"renderChartsPage","decl":{"start":{"line":70,"column":22},"end":{"line":70,"column":38}},"loc":{"start":{"line":70,"column":41},"end":{"line":166,"column":1}},"line":70},"6":{"name":"renderRangedPLSummary","decl":{"start":{"line":83,"column":19},"end":{"line":83,"column":40}},"loc":{"start":{"line":83,"column":43},"end":{"line":110,"column":5}},"line":83},"7":{"name":"(anonymous_7)","decl":{"start":{"line":103,"column":53},"end":{"line":103,"column":54}},"loc":{"start":{"line":103,"column":60},"end":{"line":103,"column":153}},"line":103},"8":{"name":"(anonymous_8)","decl":{"start":{"line":117,"column":49},"end":{"line":117,"column":50}},"loc":{"start":{"line":117,"column":56},"end":{"line":117,"column":149}},"line":117},"9":{"name":"(anonymous_9)","decl":{"start":{"line":133,"column":57},"end":{"line":133,"column":58}},"loc":{"start":{"line":133,"column":78},"end":{"line":133,"column":141}},"line":133},"10":{"name":"(anonymous_10)","decl":{"start":{"line":153,"column":50},"end":{"line":153,"column":51}},"loc":{"start":{"line":153,"column":56},"end":{"line":153,"column":74}},"line":153},"11":{"name":"(anonymous_11)","decl":{"start":{"line":156,"column":48},"end":{"line":156,"column":49}},"loc":{"start":{"line":156,"column":54},"end":{"line":156,"column":72}},"line":156},"12":{"name":"renderPortfolioOverview","decl":{"start":{"line":173,"column":22},"end":{"line":173,"column":45}},"loc":{"start":{"line":173,"column":58},"end":{"line":226,"column":1}},"line":173},"13":{"name":"(anonymous_13)","decl":{"start":{"line":185,"column":41},"end":{"line":185,"column":42}},"loc":{"start":{"line":185,"column":48},"end":{"line":185,"column":58}},"line":185}},"branchMap":{"0":{"loc":{"start":{"line":19,"column":4},"end":{"line":19,"column":47}},"type":"if","locations":[{"start":{"line":19,"column":4},"end":{"line":19,"column":47}},{"start":{},"end":{}}],"line":19},"1":{"loc":{"start":{"line":20,"column":4},"end":{"line":20,"column":26}},"type":"if","locations":[{"start":{"line":20,"column":4},"end":{"line":20,"column":26}},{"start":{},"end":{}}],"line":20},"2":{"loc":{"start":{"line":32,"column":4},"end":{"line":32,"column":47}},"type":"if","locations":[{"start":{"line":32,"column":4},"end":{"line":32,"column":47}},{"start":{},"end":{}}],"line":32},"3":{"loc":{"start":{"line":33,"column":4},"end":{"line":33,"column":26}},"type":"if","locations":[{"start":{"line":33,"column":4},"end":{"line":33,"column":26}},{"start":{},"end":{}}],"line":33},"4":{"loc":{"start":{"line":35,"column":4},"end":{"line":35,"column":66}},"type":"if","locations":[{"start":{"line":35,"column":4},"end":{"line":35,"column":66}},{"start":{},"end":{}}],"line":35},"5":{"loc":{"start":{"line":38,"column":52},"end":{"line":38,"column":110}},"type":"binary-expr","locations":[{"start":{"line":38,"column":52},"end":{"line":38,"column":80}},{"start":{"line":38,"column":84},"end":{"line":38,"column":110}}],"line":38},"6":{"loc":{"start":{"line":52,"column":4},"end":{"line":52,"column":47}},"type":"if","locations":[{"start":{"line":52,"column":4},"end":{"line":52,"column":47}},{"start":{},"end":{}}],"line":52},"7":{"loc":{"start":{"line":53,"column":4},"end":{"line":53,"column":26}},"type":"if","locations":[{"start":{"line":53,"column":4},"end":{"line":53,"column":26}},{"start":{},"end":{}}],"line":53},"8":{"loc":{"start":{"line":54,"column":18},"end":{"line":54,"column":56}},"type":"cond-expr","locations":[{"start":{"line":54,"column":32},"end":{"line":54,"column":49}},{"start":{"line":54,"column":52},"end":{"line":54,"column":56}}],"line":54},"9":{"loc":{"start":{"line":55,"column":16},"end":{"line":55,"column":50}},"type":"cond-expr","locations":[{"start":{"line":55,"column":28},"end":{"line":55,"column":43}},{"start":{"line":55,"column":46},"end":{"line":55,"column":50}}],"line":55},"10":{"loc":{"start":{"line":57,"column":4},"end":{"line":59,"column":5}},"type":"if","locations":[{"start":{"line":57,"column":4},"end":{"line":59,"column":5}},{"start":{},"end":{}}],"line":57},"11":{"loc":{"start":{"line":57,"column":8},"end":{"line":57,"column":20}},"type":"binary-expr","locations":[{"start":{"line":57,"column":8},"end":{"line":57,"column":13}},{"start":{"line":57,"column":17},"end":{"line":57,"column":20}}],"line":57},"12":{"loc":{"start":{"line":58,"column":50},"end":{"line":58,"column":100}},"type":"binary-expr","locations":[{"start":{"line":58,"column":50},"end":{"line":58,"column":74}},{"start":{"line":58,"column":78},"end":{"line":58,"column":100}}],"line":58},"13":{"loc":{"start":{"line":73,"column":4},"end":{"line":73,"column":55}},"type":"if","locations":[{"start":{"line":73,"column":4},"end":{"line":73,"column":55}},{"start":{},"end":{}}],"line":73},"14":{"loc":{"start":{"line":73,"column":8},"end":{"line":73,"column":46}},"type":"binary-expr","locations":[{"start":{"line":73,"column":8},"end":{"line":73,"column":23}},{"start":{"line":73,"column":27},"end":{"line":73,"column":46}}],"line":73},"15":{"loc":{"start":{"line":77,"column":4},"end":{"line":80,"column":5}},"type":"if","locations":[{"start":{"line":77,"column":4},"end":{"line":80,"column":5}},{"start":{},"end":{}}],"line":77},"16":{"loc":{"start":{"line":87,"column":8},"end":{"line":87,"column":69}},"type":"if","locations":[{"start":{"line":87,"column":8},"end":{"line":87,"column":69}},{"start":{},"end":{}}],"line":87},"17":{"loc":{"start":{"line":87,"column":12},"end":{"line":87,"column":60}},"type":"binary-expr","locations":[{"start":{"line":87,"column":12},"end":{"line":87,"column":27}},{"start":{"line":87,"column":31},"end":{"line":87,"column":44}},{"start":{"line":87,"column":48},"end":{"line":87,"column":60}}],"line":87},"18":{"loc":{"start":{"line":97,"column":12},"end":{"line":105,"column":13}},"type":"if","locations":[{"start":{"line":97,"column":12},"end":{"line":105,"column":13}},{"start":{},"end":{}}],"line":97},"19":{"loc":{"start":{"line":99,"column":16},"end":{"line":102,"column":17}},"type":"if","locations":[{"start":{"line":99,"column":16},"end":{"line":102,"column":17}},{"start":{},"end":{}}],"line":99},"20":{"loc":{"start":{"line":115,"column":8},"end":{"line":119,"column":9}},"type":"if","locations":[{"start":{"line":115,"column":8},"end":{"line":119,"column":9}},{"start":{},"end":{}}],"line":115},"21":{"loc":{"start":{"line":125,"column":28},"end":{"line":125,"column":91}},"type":"cond-expr","locations":[{"start":{"line":125,"column":49},"end":{"line":125,"column":84}},{"start":{"line":125,"column":87},"end":{"line":125,"column":91}}],"line":125},"22":{"loc":{"start":{"line":126,"column":30},"end":{"line":126,"column":97}},"type":"cond-expr","locations":[{"start":{"line":126,"column":53},"end":{"line":126,"column":90}},{"start":{"line":126,"column":93},"end":{"line":126,"column":97}}],"line":126},"23":{"loc":{"start":{"line":131,"column":4},"end":{"line":138,"column":5}},"type":"if","locations":[{"start":{"line":131,"column":4},"end":{"line":138,"column":5}},{"start":{},"end":{}}],"line":131},"24":{"loc":{"start":{"line":131,"column":8},"end":{"line":131,"column":47}},"type":"binary-expr","locations":[{"start":{"line":131,"column":8},"end":{"line":131,"column":22}},{"start":{"line":131,"column":26},"end":{"line":131,"column":47}}],"line":131},"25":{"loc":{"start":{"line":132,"column":8},"end":{"line":137,"column":9}},"type":"if","locations":[{"start":{"line":132,"column":8},"end":{"line":137,"column":9}},{"start":{"line":135,"column":15},"end":{"line":137,"column":9}}],"line":132},"26":{"loc":{"start":{"line":133,"column":78},"end":{"line":133,"column":141}},"type":"cond-expr","locations":[{"start":{"line":133,"column":111},"end":{"line":133,"column":132}},{"start":{"line":133,"column":135},"end":{"line":133,"column":141}}],"line":133},"27":{"loc":{"start":{"line":139,"column":4},"end":{"line":141,"column":5}},"type":"if","locations":[{"start":{"line":139,"column":4},"end":{"line":141,"column":5}},{"start":{},"end":{}}],"line":139},"28":{"loc":{"start":{"line":139,"column":8},"end":{"line":139,"column":43}},"type":"binary-expr","locations":[{"start":{"line":139,"column":8},"end":{"line":139,"column":20}},{"start":{"line":139,"column":24},"end":{"line":139,"column":43}}],"line":139},"29":{"loc":{"start":{"line":152,"column":4},"end":{"line":154,"column":5}},"type":"if","locations":[{"start":{"line":152,"column":4},"end":{"line":154,"column":5}},{"start":{},"end":{}}],"line":152},"30":{"loc":{"start":{"line":155,"column":4},"end":{"line":157,"column":5}},"type":"if","locations":[{"start":{"line":155,"column":4},"end":{"line":157,"column":5}},{"start":{},"end":{}}],"line":155},"31":{"loc":{"start":{"line":161,"column":4},"end":{"line":161,"column":53}},"type":"if","locations":[{"start":{"line":161,"column":4},"end":{"line":161,"column":53}},{"start":{},"end":{}}],"line":161},"32":{"loc":{"start":{"line":162,"column":4},"end":{"line":162,"column":62}},"type":"if","locations":[{"start":{"line":162,"column":4},"end":{"line":162,"column":62}},{"start":{},"end":{}}],"line":162},"33":{"loc":{"start":{"line":163,"column":4},"end":{"line":163,"column":82}},"type":"if","locations":[{"start":{"line":163,"column":4},"end":{"line":163,"column":82}},{"start":{},"end":{}}],"line":163},"34":{"loc":{"start":{"line":164,"column":4},"end":{"line":164,"column":78}},"type":"if","locations":[{"start":{"line":164,"column":4},"end":{"line":164,"column":78}},{"start":{},"end":{}}],"line":164},"35":{"loc":{"start":{"line":175,"column":4},"end":{"line":175,"column":30}},"type":"if","locations":[{"start":{"line":175,"column":4},"end":{"line":175,"column":30}},{"start":{},"end":{}}],"line":175},"36":{"loc":{"start":{"line":179,"column":8},"end":{"line":179,"column":92}},"type":"if","locations":[{"start":{"line":179,"column":8},"end":{"line":179,"column":92}},{"start":{},"end":{}}],"line":179},"37":{"loc":{"start":{"line":181,"column":8},"end":{"line":184,"column":9}},"type":"if","locations":[{"start":{"line":181,"column":8},"end":{"line":184,"column":9}},{"start":{},"end":{}}],"line":181},"38":{"loc":{"start":{"line":191,"column":8},"end":{"line":191,"column":92}},"type":"if","locations":[{"start":{"line":191,"column":8},"end":{"line":191,"column":92}},{"start":{},"end":{}}],"line":191},"39":{"loc":{"start":{"line":194,"column":12},"end":{"line":194,"column":80}},"type":"if","locations":[{"start":{"line":194,"column":12},"end":{"line":194,"column":80}},{"start":{},"end":{}}],"line":194},"40":{"loc":{"start":{"line":200,"column":30},"end":{"line":200,"column":149}},"type":"cond-expr","locations":[{"start":{"line":200,"column":65},"end":{"line":200,"column":93}},{"start":{"line":200,"column":96},"end":{"line":200,"column":149}}],"line":200},"41":{"loc":{"start":{"line":200,"column":122},"end":{"line":200,"column":140}},"type":"binary-expr","locations":[{"start":{"line":200,"column":122},"end":{"line":200,"column":132}},{"start":{"line":200,"column":136},"end":{"line":200,"column":140}}],"line":200},"42":{"loc":{"start":{"line":201,"column":31},"end":{"line":201,"column":104}},"type":"cond-expr","locations":[{"start":{"line":201,"column":66},"end":{"line":201,"column":97}},{"start":{"line":201,"column":100},"end":{"line":201,"column":104}}],"line":201},"43":{"loc":{"start":{"line":203,"column":33},"end":{"line":203,"column":86}},"type":"cond-expr","locations":[{"start":{"line":203,"column":57},"end":{"line":203,"column":79}},{"start":{"line":203,"column":82},"end":{"line":203,"column":86}}],"line":203},"44":{"loc":{"start":{"line":204,"column":12},"end":{"line":204,"column":63}},"type":"if","locations":[{"start":{"line":204,"column":12},"end":{"line":204,"column":63}},{"start":{},"end":{}}],"line":204},"45":{"loc":{"start":{"line":206,"column":36},"end":{"line":206,"column":154}},"type":"cond-expr","locations":[{"start":{"line":206,"column":93},"end":{"line":206,"column":147}},{"start":{"line":206,"column":150},"end":{"line":206,"column":154}}],"line":206},"46":{"loc":{"start":{"line":206,"column":37},"end":{"line":206,"column":89}},"type":"binary-expr","locations":[{"start":{"line":206,"column":37},"end":{"line":206,"column":67}},{"start":{"line":206,"column":71},"end":{"line":206,"column":89}}],"line":206},"47":{"loc":{"start":{"line":207,"column":37},"end":{"line":207,"column":191}},"type":"cond-expr","locations":[{"start":{"line":207,"column":122},"end":{"line":207,"column":184}},{"start":{"line":207,"column":187},"end":{"line":207,"column":191}}],"line":207},"48":{"loc":{"start":{"line":207,"column":38},"end":{"line":207,"column":118}},"type":"binary-expr","locations":[{"start":{"line":207,"column"
[...]
":{"line":38,"column":61}},"20":{"start":{"line":42,"column":4},"end":{"line":64,"column":5}},"21":{"start":{"line":43,"column":23},"end":{"line":43,"column":24}},"22":{"start":{"line":44,"column":24},"end":{"line":44,"column":25}},"23":{"start":{"line":45,"column":24},"end":{"line":45,"column":25}},"24":{"start":{"line":46,"column":28},"end":{"line":46,"column":29}},"25":{"start":{"line":48,"column":8},"end":{"line":56,"column":11}},"26":{"start":{"line":49,"column":12},"end":{"line":55,"column":13}},"27":{"start":{"line":50,"column":16},"end":{"line":50,"column":27}},"28":{"start":{"line":51,"column":16},"end":{"line":51,"column":52}},"29":{"start":{"line":52,"column":19},"end":{"line":55,"column":13}},"30":{"start":{"line":53,"column":16},"end":{"line":53,"column":28}},"31":{"start":{"line":54,"column":16},"end":{"line":54,"column":56}},"32":{"start":{"line":58,"column":8},"end":{"line":63,"column":10}},"33":{"start":{"line":67,"column":4},"end":{"line":72,"column":7}},"34":{"start":{"line":68,"column":20},"end":{"line":68,"column":37}},"35":{"start":{"line":69,"column":20},"end":{"line":69,"column":59}},"36":{"start":{"line":70,"column":8},"end":{"line":70,"column":82}},"37":{"start":{"line":70,"column":51},"end":{"line":70,"column":82}},"38":{"start":{"line":71,"column":8},"end":{"line":71,"column":50}},"39":{"start":{"line":75,"column":4},"end":{"line":81,"column":7}},"40":{"start":{"line":76,"column":58},"end":{"line":76,"column":60}},"41":{"start":{"line":77,"column":8},"end":{"line":77,"column":68}},"42":{"start":{"line":78,"column":8},"end":{"line":80,"column":9}},"43":{"start":{"line":79,"column":12},"end":{"line":79,"column":103}},"44":{"start":{"line":84,"column":4},"end":{"line":84,"column":35}},"45":{"start":{"line":85,"column":4},"end":{"line":89,"column":5}},"46":{"start":{"line":86,"column":8},"end":{"line":86,"column":111}},"47":{"start":{"line":87,"column":8},"end":{"line":87,"column":62}},"48":{"start":{"line":87,"column":30},"end":{"line":87,"column":62}},"49":{"start":{"line":88,"column":8},"end":{"line":88,"column":15}},"50":{"start":{"line":90,"column":19},"end":{"line":90,"column":23}},"51":{"start":{"line":91,"column":4},"end":{"line":119,"column":7}},"52":{"start":{"line":92,"column":20},"end":{"line":92,"column":47}},"53":{"start":{"line":94,"column":8},"end":{"line":96,"column":9}},"54":{"start":{"line":95,"column":12},"end":{"line":95,"column":48}},"55":{"start":{"line":98,"column":26},"end":{"line":98,"column":86}},"56":{"start":{"line":99,"column":8},"end":{"line":99,"column":82}},"57":{"start":{"line":99,"column":36},"end":{"line":99,"column":82}},"58":{"start":{"line":101,"column":28},"end":{"line":101,"column":92}},"59":{"start":{"line":102,"column":8},"end":{"line":102,"column":88}},"60":{"start":{"line":102,"column":38},"end":{"line":102,"column":88}},"61":{"start":{"line":104,"column":8},"end":{"line":116,"column":19}},"62":{"start":{"line":118,"column":8},"end":{"line":118,"column":39}}},"fnMap":{"0":{"name":"renderLedger","decl":{"start":{"line":13,"column":16},"end":{"line":13,"column":28}},"loc":{"start":{"line":13,"column":58},"end":{"line":120,"column":1}},"line":13},"1":{"name":"(anonymous_1)","decl":{"start":{"line":34,"column":56},"end":{"line":34,"column":57}},"loc":{"start":{"line":34,"column":62},"end":{"line":39,"column":5}},"line":34},"2":{"name":"(anonymous_2)","decl":{"start":{"line":48,"column":37},"end":{"line":48,"column":38}},"loc":{"start":{"line":48,"column":43},"end":{"line":56,"column":9}},"line":48},"3":{"name":"(anonymous_3)","decl":{"start":{"line":67,"column":30},"end":{"line":67,"column":31}},"loc":{"start":{"line":67,"column":40},"end":{"line":72,"column":5}},"line":67},"4":{"name":"(anonymous_4)","decl":{"start":{"line":75,"column":75},"end":{"line":75,"column":76}},"loc":{"start":{"line":75,"column":81},"end":{"line":81,"column":5}},"line":75},"5":{"name":"(anonymous_5)","decl":{"start":{"line":91,"column":33},"end":{"line":91,"column":34}},"loc":{"start":{"line":91,"column":39},"end":{"line":119,"column":5}},"line":91}},"branchMap":{"0":{"loc":{"start":{"line":16,"column":4},"end":{"line":16,"column":32}},"type":"if","locations":[{"start":{"line":16,"column":4},"end":{"line":16,"column":32}},{"start":{},"end":{}}],"line":16},"1":{"loc":{"start":{"line":18,"column":4},"end":{"line":22,"column":5}},"type":"if","locations":[{"start":{"line":18,"column":4},"end":{"line":22,"column":5}},{"start":{},"end":{}}],"line":18},"2":{"loc":{"start":{"line":20,"column":8},"end":{"line":20,"column":62}},"type":"if","locations":[{"start":{"line":20,"column":8},"end":{"line":20,"column":62}},{"start":{},"end":{}}],"line":20},"3":{"loc":{"start":{"line":35,"column":28},"end":{"line":35,"column":96}},"type":"cond-expr","locations":[{"start":{"line":35,"column":43},"end":{"line":35,"column":89}},{"start":{"line":35,"column":92},"end":{"line":35,"column":96}}],"line":35},"4":{"loc":{"start":{"line":36,"column":31},"end":{"line":36,"column":86}},"type":"cond-expr","locations":[{"start":{"line":36,"column":45},"end":{"line":36,"column":79}},{"start":{"line":36,"column":82},"end":{"line":36,"column":86}}],"line":36},"5":{"loc":{"start":{"line":37,"column":29},"end":{"line":37,"column":80}},"type":"cond-expr","locations":[{"start":{"line":37,"column":41},"end":{"line":37,"column":73}},{"start":{"line":37,"column":76},"end":{"line":37,"column":80}}],"line":37},"6":{"loc":{"start":{"line":38,"column":15},"end":{"line":38,"column":60}},"type":"binary-expr","locations":[{"start":{"line":38,"column":15},"end":{"line":38,"column":26}},{"start":{"line":38,"column":30},"end":{"line":38,"column":44}},{"start":{"line":38,"column":48},"end":{"line":38,"column":60}}],"line":38},"7":{"loc":{"start":{"line":42,"column":4},"end":{"line":64,"column":5}},"type":"if","locations":[{"start":{"line":42,"column":4},"end":{"line":64,"column":5}},{"start":{},"end":{}}],"line":42},"8":{"loc":{"start":{"line":49,"column":12},"end":{"line":55,"column":13}},"type":"if","locations":[{"start":{"line":49,"column":12},"end":{"line":55,"column":13}},{"start":{"line":52,"column":19},"end":{"line":55,"column":13}}],"line":49},"9":{"loc":{"start":{"line":52,"column":19},"end":{"line":55,"column":13}},"type":"if","locations":[{"start":{"line":52,"column":19},"end":{"line":55,"column":13}},{"start":{},"end":{}}],"line":52},"10":{"loc":{"start":{"line":69,"column":20},"end":{"line":69,"column":59}},"type":"cond-expr","locations":[{"start":{"line":69,"column":53},"end":{"line":69,"column":54}},{"start":{"line":69,"column":57},"end":{"line":69,"column":59}}],"line":69},"11":{"loc":{"start":{"line":70,"column":8},"end":{"line":70,"column":82}},"type":"if","locations":[{"start":{"line":70,"column":8},"end":{"line":70,"column":82}},{"start":{},"end":{}}],"line":70},"12":{"loc":{"start":{"line":70,"column":12},"end":{"line":70,"column":49}},"type":"binary-expr","locations":[{"start":{"line":70,"column":12},"end":{"line":70,"column":30}},{"start":{"line":70,"column":34},"end":{"line":70,"column":49}}],"line":70},"13":{"loc":{"start":{"line":78,"column":8},"end":{"line":80,"column":9}},"type":"if","locations":[{"start":{"line":78,"column":8},"end":{"line":80,"column":9}},{"start":{},"end":{}}],"line":78},"14":{"loc":{"start":{"line":79,"column":40},"end":{"line":79,"column":101}},"type":"cond-expr","locations":[{"start":{"line":79,"column":73},"end":{"line":79,"column":85}},{"start":{"line":79,"column":88},"end":{"line":79,"column":101}}],"line":79},"15":{"loc":{"start":{"line":85,"column":4},"end":{"line":89,"column":5}},"type":"if","locations":[{"start":{"line":85,"column":4},"end":{"line":89,"column":5}},{"start":{},"end":{}}],"line":85},"16":{"loc":{"start":{"line":87,"column":8},"end":{"line":87,"column":62}},"type":"if","locations":[{"start":{"line":87,"column":8},"end":{"line":87,"column":62}},{"start":{},"end":{}}],"line":87},"17":{"loc":{"start":{"line":94,"column":8},"end":{"line":96,"column":9}},"type":"if","locations":[{"start":{"line":94,"column":8},"end":{"line":96,"column":9}},{"start":{},"end":{}}],"line":94},"18":{"loc":{"start":{"line":94,"column":12},"end":{"line":94,"column":65}},"type":"binary-expr","locations":[{"start":{"line":94,"column":12},"end":{"line":94,"column":44}},{"start":{"line":94,"column":48},"end":{"line":94,"column":65}}],"line":94},"19":{"loc":{"start":{"line":98,"column":26},"end":{"line":98,"column":86}},"type":"cond-expr","locations":[{"start":{"line":98,"column":46},"end":{"line":98,"column":81}},{"start":{"line":98,"column":84},"end":{"line":98,"column":86}}],"line":98},"20":{"loc":{"start":{"line":99,"column":8},"end":{"line":99,"column":82}},"type":"if","locations":[{"start":{"line":99,"column":8},"end":{"line":99,"column":82}},{"start":{},"end":{}}],"line":99},"21":{"loc":{"start":{"line":101,"column":28},"end":{"line":101,"column":92}},"type":"cond-expr","locations":[{"start":{"line":101,"column":50},"end":{"line":101,"column":87}},{"start":{"line":101,"column":90},"end":{"line":101,"column":92}}],"line":101},"22":{"loc":{"start":{"line":102,"column":8},"end":{"line":102,"column":88}},"type":"if","locations":[{"start":{"line":102,"column":8},"end":{"line":102,"column":88}},{"start":{},"end":{}}],"line":102}},"s":{"0":0,"1":0,"2":0,"3":0,"4":0,"5":0,"6":0,"7":0,"8":0,"9":0,"10":0,"11":0,"12":0,"13":0,"14":0,"15":0,"16":0,"17":0,"18":0,"19":0,"20":0,"21":0,"22":0,"23":0,"24":0,"25":0,"26":0,"27":0,"28":0,"29":0,"30":0,"31":0,"32":0,"33":0,"34":0,"35":0,"36":0,"37":0,"38":0,"39":0,"40":0,"41":0,"42":0,"43":0,"44":0,"45":0,"46":0,"47":0,"48":0,"49":0,"50":0,"51":0,"52":0,"53":0,"54":0,"55":0,"56":0,"57":0,"58":0,"59":0,"60":0,"61":0,"62":0},"f":{"0":0,"1":0,"2":0,"3":0,"4":0,"5":0},"b":{"0":[0,0],"1":[0,0],"2":[0,0],"3":[0,0],"4":[0,0],"5":[0,0],"6":[0,0,0],"7":[0,0],"8":[0,0],"9":[0,0],"10":[0,0],"11":[0,0],"12":[0,0],"13":[0,0],"14":[0,0],"15":[0,0],"16":[0,0],"17":[0,0],"18":[0,0],"19":[0,0],"20":[0,0],"21":[0,0],"22":[0,0]},"_coverageSchema":"1a1c01bbd47fc00a2c39e90264f33305004495a9","hash":"927ab59aba841e33a6bc743c6c46596c8b6bdb08"}
,"C:\\Users\\skybo\\.vscode\\stock_tracker_app_v2\\public\\ui\\renderers\\_orders.js": {"path":"C:\\Users\\skybo\\.vscode\\stock_tracker_app_v2\\public\\ui\\renderers\\_orders.js","statementMap":{"0":{"start":{"line":13,"column":62},"end":{"line":13,"column":115}},"1":{"start":{"line":14,"column":4},"end":{"line":14,"column":27}},"2":{"start":{"line":14,"column":20},"end":{"line":14,"column":27}},"3":{"start":{"line":17,"column":4},"end":{"line":17,"column":29}},"4":{"start":{"line":20,"column":4},"end":{"line":20,"column":33}},"5":{"start":{"line":22,"column":4},"end":{"line":25,"column":5}},"6":{"start":{"line":23,"column":8},"end":{"line":23,"column":97}},"7":{"start":{"line":24,"column":8},"end":{"line":24,"column":15}},"8":{"start":{"line":28,"column":4},"end":{"line":42,"column":7}},"9":{"start":{"line":29,"column":20},"end":{"line":29,"column":41}},"10":{"start":{"line":30,"column":8},"end":{"line":41,"column":10}}},"fnMap":{"0":{"name":"renderOrdersPage","decl":{"start":{"line":12,"column":16},"end":{"line":12,"column":32}},"loc":{"start":{"line":12,"column":41},"end":{"line":43,"column":1}},"line":12},"1":{"name":"(anonymous_1)","decl":{"start":{"line":28,"column":19},"end":{"line":28,"column":20}},"loc":{"start":{"line":28,"column":28},"end":{"line":42,"column":5}},"line":28}},"branchMap":{"0":{"loc":{"start":{"line":14,"column":4},"end":{"line":14,"column":27}},"type":"if","locations":[{"start":{"line":14,"column":4},"end":{"line":14,"column":27}},{"start":{},"end":{}}],"line":14},"1":{"loc":{"start":{"line":22,"column":4},"end":{"line":25,"column":5}},"type":"if","locations":[{"start":{"line":22,"column":4},"end":{"line":25,"column":5}},{"start":{},"end":{}}],"line":22},"2":{"loc":{"start":{"line":35,"column":18},"end":{"line":35,"column":48}},"type":"binary-expr","locations":[{"start":{"line":35,"column":18},"end":{"line":35,"column":39}},{"start":{"line":35,"column":43},"end":{"line":35,"column":48}}],"line":35}},"s":{"0":0,"1":0,"2":0,"3":0,"4":0,"5":0,"6":0,"7":0,"8":0,"9":0,"10":0},"f":{"0":0,"1":0},"b":{"0":[0,0],"1":[0,0],"2":[0,0]},"_coverageSchema":"1a1c01bbd47fc00a2c39e90264f33305004495a9","hash":"c0166966ff07f4146e5905bb217a33366b6c3f4a"}
,"C:\\Users\\skybo\\.vscode\\stock_tracker_app_v2\\public\\ui\\renderers\\_snapshots.js": {"path":"C:\\Users\\skybo\\.vscode\\stock_tracker_app_v2\\public\\ui\\renderers\\_snapshots.js","statementMap":{"0":{"start":{"line":13,"column":61},"end":{"line":13,"column":105}},"1":{"start":{"line":16,"column":4},"end":{"line":16,"column":35}},"2":{"start":{"line":19,"column":4},"end":{"line":29,"column":5}},"3":{"start":{"line":20,"column":27},"end":{"line":20,"column":47}},"4":{"start":{"line":21,"column":8},"end":{"line":21,"column":97}},"5":{"start":{"line":22,"column":8},"end":{"line":27,"column":11}},"6":{"start":{"line":23,"column":27},"end":{"line":23,"column":59}},"7":{"start":{"line":24,"column":12},"end":{"line":24,"column":35}},"8":{"start":{"line":25,"column":12},"end":{"line":25,"column":41}},"9":{"start":{"line":26,"column":12},"end":{"line":26,"column":47}},"10":{"start":{"line":28,"column":8},"end":{"line":28,"column":42}},"11":{"start":{"line":31,"column":62},"end":{"line":31,"column":110}},"12":{"start":{"line":32,"column":4},"end":{"line":58,"column":5}},"13":{"start":{"line":33,"column":8},"end":{"line":33,"column":33}},"14":{"start":{"line":34,"column":8},"end":{"line":37,"column":9}},"15":{"start":{"line":35,"column":12},"end":{"line":35,"column":125}},"16":{"start":{"line":36,"column":12},"end":{"line":36,"column":19}},"17":{"start":{"line":40,"column":32},"end":{"line":44,"column":10}},"18":{"start":{"line":41,"column":12},"end":{"line":41,"column":61}},"19":{"start":{"line":41,"column":51},"end":{"line":41,"column":61}},"20":{"start":{"line":42,"column":12},"end":{"line":42,"column":60}},"21":{"start":{"line":42,"column":51},"end":{"line":42,"column":60}},"22":{"start":{"line":43,"column":12},"end":{"line":43,"column":56}},"23":{"start":{"line":47,"column":8},"end":{"line":57,"column":11}},"24":{"start":{"line":48,"column":24},"end":{"line":48,"column":45}},"25":{"start":{"line":49,"column":12},"end":{"line":56,"column":14}}},"fnMap":{"0":{"name":"renderSnapshotsPage","decl":{"start":{"line":12,"column":16},"end":{"line":12,"column":35}},"loc":{"start":{"line":12,"column":47},"end":{"line":59,"column":1}},"line":12},"1":{"name":"(anonymous_1)","decl":{"start":{"line":22,"column":35},"end":{"line":22,"column":36}},"loc":{"start":{"line":22,"column":41},"end":{"line":27,"column":9}},"line":22},"2":{"name":"(anonymous_2)","decl":{"start":{"line":40,"column":52},"end":{"line":40,"column":53}},"loc":{"start":{"line":40,"column":62},"end":{"line":44,"column":9}},"line":40},"3":{"name":"(anonymous_3)","decl":{"start":{"line":47,"column":32},"end":{"line":47,"column":33}},"loc":{"start":{"line":47,"column":40},"end":{"line":57,"column":9}},"line":47}},"branchMap":{"0":{"loc":{"start":{"line":19,"column":4},"end":{"line":29,"column":5}},"type":"if","locations":[{"start":{"line":19,"column":4},"end":{"line":29,"column":5}},{"start":{},"end":{}}],"line":19},"1":{"loc":{"start":{"line":32,"column":4},"end":{"line":58,"column":5}},"type":"if","locations":[{"start":{"line":32,"column":4},"end":{"line":58,"column":5}},{"start":{},"end":{}}],"line":32},"2":{"loc":{"start":{"line":34,"column":8},"end":{"line":37,"column":9}},"type":"if","locations":[{"start":{"line":34,"column":8},"end":{"line":37,"column":9}},{"start":{},"end":{}}],"line":34},"3":{"loc":{"start":{"line":41,"column":12},"end":{"line":41,"column":61}},"type":"if","locations":[{"start":{"line":41,"column":12},"end":{"line":41,"column":61}},{"start":{},"end":{}}],"line":41},"4":{"loc":{"start":{"line":42,"column":12},"end":{"line":42,"column":60}},"type":"if","locations":[{"start":{"line":42,"column":12},"end":{"line":42,"column":60}},{"start":{},"end":{}}],"line":42}},"s":{"0":0,"1":0,"2":0,"3":0,"4":0,"5":0,"6":0,"7":0,"8":0,"9":0,"10":0,"11":0,"12":0,"13":0,"14":0,"15":0,"16":0,"17":0,"18":0,"19":0,"20":0,"21":0,"22":0,"23":0,"24":0,"25":0},"f":{"0":0,"1":0,"2":0,"3":0},"b":{"0":[0,0],"1":[0,0],"2":[0,0],"3":[0,0],"4":[0,0]},"_coverageSchema":"1a1c01bbd47fc00a2c39e90264f33305004495a9","hash":"0c6cea470890057920a67b11fa7476b613b10854"}
,"C:\\Users\\skybo\\.vscode\\stock_tracker_app_v2\\public\\ui\\renderers\\_tabs.js": {"path":"C:\\Users\\skybo\\.vscode\\stock_tracker_app_v2\\public\\ui\\renderers\\_tabs.js","statementMap":{"0":{"start":{"line":5,"column":26},"end":{"line":12,"column":1}},"1":{"start":{"line":21,"column":26},"end":{"line":21,"column":67}},"2":{"start":{"line":22,"column":4},"end":{"line":22,"column":31}},"3":{"start":{"line":22,"column":24},"end":{"line":22,"column":31}},"4":{"start":{"line":24,"column":4},"end":{"line":24,"column":33}},"5":{"start":{"line":27,"column":24},"end":{"line":27,"column":41}},"6":{"start":{"line":28,"column":34},"end":{"line":28,"column":60}},"7":{"start":{"line":30,"column":21},"end":{"line":30,"column":84}},"8":{"start":{"line":32,"column":4},"end":{"line":40,"column":7}},"9":{"start":{"line":33,"column":20},"end":{"line":33,"column":49}},"10":{"start":{"line":34,"column":8},"end":{"line":34,"column":41}},"11":{"start":{"line":35,"column":8},"end":{"line":35,"column":38}},"12":{"start":{"line":36,"column":8},"end":{"line":36,"column":36}},"13":{"start":{"line":37,"column":8},"end":{"line":37,"column":121}},"14":{"start":{"line":38,"column":8},"end":{"line":38,"column":102}},"15":{"start":{"line":38,"column":72},"end":{"line":38,"column":100}},"16":{"start":{"line":39,"column":8},"end":{"line":39,"column":39}},"17":{"start":{"line":44,"column":4},"end":{"line":53,"column":7}},"18":{"start":{"line":45,"column":20},"end":{"line":45,"column":49}},"19":{"start":{"line":46,"column":8},"end":{"line":46,"column":41}},"20":{"start":{"line":47,"column":8},"end":{"line":47,"column":48}},"21":{"start":{"line":48,"column":8},"end":{"line":48,"column":46}},"22":{"start":{"line":49,"column":8},"end":{"line":51,"column":9}},"23":{"start":{"line":50,"column":12},"end":{"line":50,"column":40}},"24":{"start":{"line":52,"column":8},"end":{"line":52,"column":39}}},"fnMap":{"0":{"name":"renderTabs","decl":{"start":{"line":20,"column":16},"end":{"line":20,"column":26}},"loc":{"start":{"line":20,"column":40},"end":{"line":54,"column":1}},"line":20},"1":{"name":"(anonymous_1)","decl":{"start":{"line":32,"column":21},"end":{"line":32,"column":22}},"loc":{"start":{"line":32,"column":28},"end":{"line":40,"column":5}},"line":32},"2":{"name":"(anonymous_2)","decl":{"start":{"line":44,"column":23},"end":{"line":44,"column":24}},"loc":{"start":{"line":44,"column":34},"end":{"line":53,"column":5}},"line":44}},"branchMap":{"0":{"loc":{"start":{"line":22,"column":4},"end":{"line":22,"column":31}},"type":"if","locations":[{"start":{"line":22,"column":4},"end":{"line":22,"column":31}},{"start":{},"end":{}}],"line":22},"1":{"loc":{"start":{"line":38,"column":8},"end":{"line":38,"column":102}},"type":"if","locations":[{"start":{"line":38,"column":8},"end":{"line":38,"column":102}},{"start":{},"end":{}}],"line":38},"2":{"loc":{"start":{"line":38,"column":12},"end":{"line":38,"column":68}},"type":"binary-expr","locations":[{"start":{"line":38,"column":12},"end":{"line":38,"column":37}},{"start":{"line":38,"column":41},"end":{"line":38,"column":68}}],"line":38},"3":{"loc":{"start":{"line":49,"column":8},"end":{"line":51,"column":9}},"type":"if","locations":[{"start":{"line":49,"column":8},"end":{"line":51,"column":9}},{"start":{},"end":{}}],"line":49}},"s":{"0":2,"1":2,"2":2,"3":0,"4":2,"5":2,"6":2,"7":2,"8":2,"9":4,"10":4,"11":4,"12":4,"13":4,"14":4,"15":0,"16":4,"17":2,"18":12,"19":12,"20":12,"21":12,"22":12,"23":1,"24":12},"f":{"0":2,"1":4,"2":12},"b":{"0":[0,2],"1":[0,4],"2":[4,0],"3":[1,11]},"_coverageSchema":"1a1c01bbd47fc00a2c39e90264f33305004495a9","hash":"8a01ec6a05549b1b7f403e990c7822cb456db56b"}
}
