TN:
SF:public\api.js
FN:11,handleResponse
FN:13,(anonymous_1)
FN:24,refreshLedger
FN:41,updatePricesForView
FN:47,(anonymous_4)
FN:83,updateAllPrices
FN:84,(anonymous_6)
FN:94,fetchPendingOrders
FN:104,fetchAlerts
FN:115,fetchDailyPerformance
FN:126,fetchPositions
FN:140,fetchSnapshots
FNF:12
FNH:0
FNDA:0,handleResponse
FNDA:0,(anonymous_1)
FNDA:0,refreshLedger
FNDA:0,updatePricesForView
FNDA:0,(anonymous_4)
FNDA:0,updateAllPrices
FNDA:0,(anonymous_6)
FNDA:0,fetchPendingOrders
FNDA:0,fetchAlerts
FNDA:0,fetchDailyPerformance
FNDA:0,fetchPositions
FNDA:0,fetchSnapshots
DA:12,0
DA:13,0
DA:14,0
DA:16,0
DA:25,0
DA:26,0
DA:27,0
DA:28,0
DA:29,0
DA:30,0
DA:42,0
DA:43,0
DA:47,0
DA:48,0
DA:49,0
DA:50,0
DA:51,0
DA:52,0
DA:57,0
DA:58,0
DA:60,0
DA:66,0
DA:69,0
DA:70,0
DA:74,0
DA:84,0
DA:85,0
DA:86,0
DA:95,0
DA:96,0
DA:105,0
DA:106,0
DA:116,0
DA:117,0
DA:127,0
DA:128,0
DA:129,0
DA:130,0
DA:132,0
DA:141,0
DA:142,0
LF:41
LH:0
BRDA:12,0,0,0
BRDA:12,0,1,0
BRDA:14,1,0,0
BRDA:14,1,1,0
BRDA:27,2,0,0
BRDA:27,2,1,0
BRDA:42,3,0,0
BRDA:42,3,1,0
BRDA:42,4,0,0
BRDA:42,4,1,0
BRDA:48,5,0,0
BRDA:48,5,1,0
BRDA:50,6,0,0
BRDA:50,6,1,0
BRDA:52,7,0,0
BRDA:52,7,1,0
BRDA:129,8,0,0
BRDA:129,8,1,0
BRDA:129,9,0,0
BRDA:129,9,1,0
BRDA:129,9,2,0
BRF:21
BRH:0
end_of_record
TN:
SF:public\state.js
FNF:0
FNH:0
DA:44,1
LF:1
LH:1
BRF:0
BRH:0
end_of_record
TN:
SF:public\event-handlers\_snapshots.js
FN:13,loadChartsAndSnapshotsPage
FN:43,initializeSnapshotsHandlers
FN:48,(anonymous_2)
FN:73,(anonymous_3)
FN:78,(anonymous_4)
FNF:5
FNH:2
FNDA:0,loadChartsAndSnapshotsPage
FNDA:1,initializeSnapshotsHandlers
FNDA:1,(anonymous_2)
FNDA:0,(anonymous_3)
FNDA:0,(anonymous_4)
DA:14,0
DA:15,0
DA:16,0
DA:19,0
DA:20,0
DA:21,0
DA:23,0
DA:24,0
DA:26,0
DA:29,0
DA:30,0
DA:31,0
DA:32,0
DA:44,1
DA:45,1
DA:47,1
DA:48,1
DA:49,1
DA:50,1
DA:56,1
DA:58,1
DA:59,0
DA:61,1
DA:62,1
DA:63,1
DA:64,1
DA:65,1
DA:67,0
DA:72,1
DA:73,0
DA:74,0
DA:75,0
DA:76,0
DA:77,0
DA:78,0
DA:79,0
DA:80,0
DA:81,0
DA:82,0
DA:83,0
DA:85,0
LF:41
LH:14
BRDA:15,0,0,0
BRDA:15,0,1,0
BRDA:15,1,0,0
BRDA:15,1,1,0
BRDA:23,2,0,0
BRDA:23,2,1,0
BRDA:31,3,0,0
BRDA:31,3,1,0
BRDA:31,4,0,0
BRDA:31,4,1,0
BRDA:47,5,0,1
BRDA:47,5,1,0
BRDA:58,6,0,0
BRDA:58,6,1,1
BRDA:62,7,0,0
BRDA:62,7,1,1
BRDA:72,8,0,0
BRDA:72,8,1,1
BRDA:76,9,0,0
BRDA:76,9,1,0
BRDA:81,10,0,0
BRDA:81,10,1,0
BRF:22
BRH:4
end_of_record
TN:
SF:public\ui\chart-builder.js
FN:15,stringToHslColor
FN:34,wrapText
FN:59,createChart
FN:61,(anonymous_3)
FN:81,(anonymous_4)
FN:83,(anonymous_5)
FN:91,(anonymous_6)
FN:91,(anonymous_7)
FN:92,(anonymous_8)
FN:108,(anonymous_9)
FNF:10
FNH:0
FNDA:0,stringToHslColor
FNDA:0,wrapText
FNDA:0,createChart
FNDA:0,(anonymous_3)
FNDA:0,(anonymous_4)
FNDA:0,(anonymous_5)
FNDA:0,(anonymous_6)
FNDA:0,(anonymous_7)
FNDA:0,(anonymous_8)
FNDA:0,(anonymous_9)
DA:16,0
DA:17,0
DA:18,0
DA:20,0
DA:21,0
DA:35,0
DA:36,0
DA:37,0
DA:38,0
DA:39,0
DA:40,0
DA:41,0
DA:42,0
DA:43,0
DA:44,0
DA:46,0
DA:49,0
DA:60,0
DA:61,0
DA:63,0
DA:64,0
DA:65,0
DA:66,0
DA:67,0
DA:68,0
DA:70,0
DA:73,0
DA:74,0
DA:77,0
DA:78,0
DA:79,0
DA:81,0
DA:83,0
DA:84,0
DA:91,0
DA:92,0
DA:95,0
DA:109,0
DA:110,0
DA:111,0
DA:112,0
DA:113,0
DA:114,0
DA:115,0
DA:116,0
LF:45
LH:0
BRDA:15,0,0,0
BRDA:15,1,0,0
BRDA:41,2,0,0
BRDA:41,2,1,0
BRDA:41,3,0,0
BRDA:41,3,1,0
BRDA:63,4,0,0
BRDA:63,4,1,0
BRDA:63,5,0,0
BRDA:63,5,1,0
BRDA:63,5,2,0
BRDA:65,6,0,0
BRDA:65,6,1,0
BRDA:67,7,0,0
BRDA:67,7,1,0
BRDA:68,8,0,0
BRDA:68,8,1,0
BRDA:70,9,0,0
BRDA:70,9,1,0
BRDA:70,10,0,0
BRDA:70,10,1,0
BRDA:70,10,2,0
BRDA:77,11,0,0
BRDA:77,11,1,0
BRDA:78,12,0,0
BRDA:78,12,1,0
BRDA:79,13,0,0
BRDA:79,13,1,0
BRDA:92,14,0,0
BRDA:92,14,1,0
BRDA:111,15,0,0
BRDA:111,15,1,0
BRDA:111,16,0,0
BRDA:111,16,1,0
BRDA:113,17,0,0
BRDA:113,17,1,0
BRDA:114,18,0,0
BRDA:114,18,1,0
BRF:38
BRH:0
end_of_record
TN:
SF:public\ui\helpers.js
FN:8,formatQuantity
FN:21,formatAccounting
FN:41,showToast
FN:47,(anonymous_3)
FN:54,getCurrentESTDateString
FN:63,getTradingDays
FN:78,getActivePersistentDates
FN:81,(anonymous_7)
FN:83,(anonymous_8)
FN:93,showConfirmationModal
FN:103,(anonymous_10)
FN:105,(anonymous_11)
FN:120,populatePricesFromCache
FN:125,(anonymous_13)
FN:173,getUSMarketStatus
FN:197,getMostRecentTradingDay
FN:217,sortTableByColumn
FN:223,(anonymous_17)
FNF:18
FNH:6
FNDA:0,formatQuantity
FNDA:9,formatAccounting
FNDA:1,showToast
FNDA:0,(anonymous_3)
FNDA:1,getCurrentESTDateString
FNDA:1,getTradingDays
FNDA:0,getActivePersistentDates
FNDA:0,(anonymous_7)
FNDA:0,(anonymous_8)
FNDA:0,showConfirmationModal
FNDA:0,(anonymous_10)
FNDA:0,(anonymous_11)
FNDA:1,populatePricesFromCache
FNDA:1,(anonymous_13)
FNDA:0,getUSMarketStatus
FNDA:0,getMostRecentTradingDay
FNDA:0,sortTableByColumn
FNDA:0,(anonymous_17)
DA:9,0
DA:10,0
DA:11,0
DA:12,0
DA:22,9
DA:23,7
DA:24,6
DA:25,6
DA:26,6
DA:27,6
DA:28,6
DA:29,6
DA:30,6
DA:31,6
DA:42,1
DA:43,1
DA:44,1
DA:45,1
DA:46,1
DA:47,1
DA:55,1
DA:64,1
DA:65,1
DA:66,1
DA:67,5
DA:68,5
DA:69,5
DA:71,1
DA:79,0
DA:80,0
DA:81,0
DA:82,0
DA:83,0
DA:94,0
DA:95,0
DA:96,0
DA:97,0
DA:98,0
DA:100,0
DA:101,0
DA:103,0
DA:105,0
DA:106,0
DA:107,0
DA:110,0
DA:111,0
DA:121,1
DA:122,1
DA:123,1
DA:125,1
DA:126,1
DA:127,1
DA:129,1
DA:130,1
DA:131,1
DA:133,1
DA:134,0
DA:135,0
DA:136,1
DA:137,1
DA:138,1
DA:139,1
DA:140,1
DA:142,1
DA:143,1
DA:145,1
DA:147,1
DA:148,1
DA:149,1
DA:150,1
DA:151,1
DA:154,0
DA:155,0
DA:159,1
DA:161,1
DA:162,1
DA:163,1
DA:164,1
DA:174,0
DA:175,0
DA:176,0
DA:177,0
DA:178,0
DA:180,0
DA:181,0
DA:182,0
DA:185,0
DA:186,0
DA:187,0
DA:188,0
DA:190,0
DA:198,0
DA:199,0
DA:201,0
DA:202,0
DA:204,0
DA:205,0
DA:208,0
DA:218,0
DA:219,0
DA:220,0
DA:221,0
DA:223,0
DA:224,0
DA:225,0
DA:227,0
DA:228,0
DA:229,0
DA:230,0
DA:232,0
DA:236,0
DA:237,0
DA:238,0
DA:240,0
DA:241,0
LF:115
LH:52
BRDA:9,0,0,0
BRDA:9,0,1,0
BRDA:9,1,0,0
BRDA:9,1,1,0
BRDA:9,1,2,0
BRDA:11,2,0,0
BRDA:11,2,1,0
BRDA:21,3,0,9
BRDA:22,4,0,2
BRDA:22,4,1,7
BRDA:22,5,0,9
BRDA:22,5,1,8
BRDA:22,5,2,7
BRDA:23,6,0,1
BRDA:23,6,1,6
BRDA:23,7,0,7
BRDA:23,7,1,1
BRDA:23,8,0,1
BRDA:23,8,1,0
BRDA:24,9,0,0
BRDA:24,9,1,6
BRDA:24,10,0,6
BRDA:24,10,1,0
BRDA:28,11,0,0
BRDA:28,11,1,6
BRDA:30,12,0,6
BRDA:30,12,1,0
BRDA:31,13,0,1
BRDA:31,13,1,5
BRDA:41,14,0,0
BRDA:41,15,0,1
BRDA:46,16,0,0
BRDA:46,16,1,1
BRDA:68,17,0,3
BRDA:68,17,1,2
BRDA:68,18,0,5
BRDA:68,18,1,4
BRDA:79,19,0,0
BRDA:79,19,1,0
BRDA:82,20,0,0
BRDA:82,20,1,0
BRDA:127,21,0,0
BRDA:127,21,1,1
BRDA:133,22,0,0
BRDA:133,22,1,1
BRDA:134,23,0,0
BRDA:134,23,1,0
BRDA:135,24,0,0
BRDA:135,24,1,0
BRDA:136,25,0,1
BRDA:136,25,1,0
BRDA:140,26,0,1
BRDA:140,26,1,0
BRDA:145,27,0,1
BRDA:145,27,1,0
BRDA:147,28,0,1
BRDA:147,28,1,0
BRDA:151,29,0,1
BRDA:151,29,1,0
BRDA:154,30,0,0
BRDA:154,30,1,0
BRDA:155,31,0,0
BRDA:155,31,1,0
BRDA:159,32,0,1
BRDA:159,32,1,0
BRDA:162,33,0,1
BRDA:162,33,1,0
BRDA:164,34,0,1
BRDA:164,34,1,0
BRDA:180,35,0,0
BRDA:180,35,1,0
BRDA:181,36,0,0
BRDA:181,36,1,0
BRDA:185,37,0,0
BRDA:185,37,1,0
BRDA:186,38,0,0
BRDA:186,38,1,0
BRDA:186,39,0,0
BRDA:186,39,1,0
BRDA:186,39,2,0
BRDA:187,40,0,0
BRDA:187,40,1,0
BRDA:188,41,0,0
BRDA:188,41,1,0
BRDA:201,42,0,0
BRDA:201,42,1,0
BRDA:204,43,0,0
BRDA:204,43,1,0
BRDA:219,44,0,0
BRDA:219,44,1,0
BRDA:220,45,0,0
BRDA:220,45,1,0
BRDA:224,46,0,0
BRDA:224,46,1,0
BRDA:225,47,0,0
BRDA:225,47,1,0
BRDA:227,48,0,0
BRDA:227,48,1,0
BRDA:228,49,0,0
BRDA:228,49,1,0
BRDA:229,50,0,0
BRDA:229,50,1,0
BRDA:230,51,0,0
BRDA:230,51,1,0
BRDA:232,52,0,0
BRDA:232,52,1,0
BRDA:240,53,0,0
BRDA:240,53,1,0
BRF:108
BRH:33
end_of_record
TN:
SF:public\ui\renderers.js
FNF:0
FNH:0
LF:0
LH:0
BRF:0
BRH:0
end_of_record
TN:
SF:public\ui\renderers\_alerts.js
FN:12,renderAlertsPage
FN:27,(anonymous_1)
FNF:2
FNH:0
FNDA:0,renderAlertsPage
FNDA:0,(anonymous_1)
DA:13,0
DA:14,0
DA:16,0
DA:19,0
DA:21,0
DA:22,0
DA:23,0
DA:27,0
DA:28,0
DA:29,0
LF:10
LH:0
BRDA:14,0,0,0
BRDA:14,0,1,0
BRDA:21,1,0,0
BRDA:21,1,1,0
BRF:4
BRH:0
end_of_record
TN:
SF:public\ui\renderers\_charts.js
FN:18,renderAllTimeChart
FN:31,renderFiveDayChart
FN:38,(anonymous_2)
FN:51,renderDateRangeChart
FN:58,(anonymous_4)
FN:70,renderChartsPage
FN:83,renderRangedPLSummary
FN:103,(anonymous_7)
FN:117,(anonymous_8)
FN:133,(anonymous_9)
FN:153,(anonymous_10)
FN:156,(anonymous_11)
FN:173,renderPortfolioOverview
FN:185,(anonymous_13)
FNF:14
FNH:0
FNDA:0,renderAllTimeChart
FNDA:0,renderFiveDayChart
FNDA:0,(anonymous_2)
FNDA:0,renderDateRangeChart
FNDA:0,(anonymous_4)
FNDA:0,renderChartsPage
FNDA:0,renderRangedPLSummary
FNDA:0,(anonymous_7)
FNDA:0,(anonymous_8)
FNDA:0,(anonymous_9)
FNDA:0,(anonymous_10)
FNDA:0,(anonymous_11)
FNDA:0,renderPortfolioOverview
FNDA:0,(anonymous_13)
DA:19,0
DA:20,0
DA:21,0
DA:32,0
DA:33,0
DA:34,0
DA:35,0
DA:36,0
DA:37,0
DA:38,0
DA:39,0
DA:52,0
DA:53,0
DA:54,0
DA:55,0
DA:56,0
DA:57,0
DA:58,0
DA:60,0
DA:71,0
DA:72,0
DA:73,0
DA:74,0
DA:76,0
DA:77,0
DA:78,0
DA:79,0
DA:84,0
DA:85,0
DA:86,0
DA:87,0
DA:88,0
DA:89,0
DA:91,0
DA:92,0
DA:97,0
DA:98,0
DA:99,0
DA:100,0
DA:101,0
DA:103,0
DA:104,0
DA:107,0
DA:108,0
DA:113,0
DA:114,0
DA:115,0
DA:116,0
DA:117,0
DA:118,0
DA:120,0
DA:123,0
DA:124,0
DA:125,0
DA:126,0
DA:127,0
DA:128,0
DA:131,0
DA:132,0
DA:133,0
DA:134,0
DA:136,0
DA:139,0
DA:140,0
DA:144,0
DA:145,0
DA:146,0
DA:149,0
DA:152,0
DA:153,0
DA:155,0
DA:156,0
DA:159,0
DA:160,0
DA:161,0
DA:162,0
DA:163,0
DA:164,0
DA:165,0
DA:174,0
DA:175,0
DA:176,0
DA:177,0
DA:178,0
DA:179,0
DA:180,0
DA:181,0
DA:182,0
DA:183,0
DA:185,0
DA:186,0
DA:191,0
DA:192,0
DA:193,0
DA:194,0
DA:196,0
DA:197,0
DA:198,0
DA:199,0
DA:200,0
DA:201,0
DA:202,0
DA:203,0
DA:204,0
DA:206,0
DA:207,0
DA:209,0
DA:219,0
DA:220,0
DA:221,0
DA:223,0
DA:224,0
LF:112
LH:0
BRDA:19,0,0,0
BRDA:19,0,1,0
BRDA:20,1,0,0
BRDA:20,1,1,0
BRDA:32,2,0,0
BRDA:32,2,1,0
BRDA:33,3,0,0
BRDA:33,3,1,0
BRDA:35,4,0,0
BRDA:35,4,1,0
BRDA:38,5,0,0
BRDA:38,5,1,0
BRDA:52,6,0,0
BRDA:52,6,1,0
BRDA:53,7,0,0
BRDA:53,7,1,0
BRDA:54,8,0,0
BRDA:54,8,1,0
BRDA:55,9,0,0
BRDA:55,9,1,0
BRDA:57,10,0,0
BRDA:57,10,1,0
BRDA:57,11,0,0
BRDA:57,11,1,0
BRDA:58,12,0,0
BRDA:58,12,1,0
BRDA:73,13,0,0
BRDA:73,13,1,0
BRDA:73,14,0,0
BRDA:73,14,1,0
BRDA:77,15,0,0
BRDA:77,15,1,0
BRDA:87,16,0,0
BRDA:87,16,1,0
BRDA:87,17,0,0
BRDA:87,17,1,0
BRDA:87,17,2,0
BRDA:97,18,0,0
BRDA:97,18,1,0
BRDA:99,19,0,0
BRDA:99,19,1,0
BRDA:115,20,0,0
BRDA:115,20,1,0
BRDA:125,21,0,0
BRDA:125,21,1,0
BRDA:126,22,0,0
BRDA:126,22,1,0
BRDA:131,23,0,0
BRDA:131,23,1,0
BRDA:131,24,0,0
BRDA:131,24,1,0
BRDA:132,25,0,0
BRDA:132,25,1,0
BRDA:133,26,0,0
BRDA:133,26,1,0
BRDA:139,27,0,0
BRDA:139,27,1,0
BRDA:139,28,0,0
BRDA:139,28,1,0
BRDA:152,29,0,0
BRDA:152,29,1,0
BRDA:155,30,0,0
BRDA:155,30,1,0
BRDA:161,31,0,0
BRDA:161,31,1,0
BRDA:162,32,0,0
BRDA:162,32,1,0
BRDA:163,33,0,0
BRDA:163,33,1,0
BRDA:164,34,0,0
BRDA:164,34,1,0
BRDA:175,35,0,0
BRDA:175,35,1,0
BRDA:179,36,0,0
BRDA:179,36,1,0
BRDA:181,37,0,0
BRDA:181,37,1,0
BRDA:191,38,0,0
BRDA:191,38,1,0
BRDA:194,39,0,0
BRDA:194,39,1,0
BRDA:200,40,0,0
BRDA:200,40,1,0
BRDA:200,41,0,0
BRDA:200,41,1,0
BRDA:201,42,0,0
BRDA:201,42,1,0
BRDA:203,43,0,0
BRDA:203,43,1,0
BRDA:204,44,0,0
BRDA:204,44,1,0
BRDA:206,45,0,0
BRDA:206,45,1,0
BRDA:206,46,0,0
BRDA:206,46,1,0
BRDA:207,47,0,0
BRDA:207,47,1,0
BRDA:207,48,0,0
BRDA:207,48,1,0
BRDA:207,48,2,0
BRDA:214,49,0,0
BRDA:214,49,1,0
BRDA:215,50,0,0
BRDA:215,50,1,0
BRDA:215,51,0,0
BRDA:215,51,1,0
BRDA:217,52,0,0
BRDA:217,52,1,0
BRDA:221,53,0,0
BRDA:221,53,1,0
BRF:110
BRH:0
end_of_record
TN:
SF:public\ui\renderers\_dailyReport.js
FN:15,renderDailyReport
FN:34,(anonymous_1)
FN:57,(anonymous_2)
FN:92,(anonymous_3)
FNF:4
FNH:4
FNDA:2,renderDailyReport
FNDA:4,(anonymous_1)
FNDA:2,(anonymous_2)
FNDA:1,(anonymous_3)
DA:16,2
DA:17,2
DA:18,2
DA:19,2
DA:20,2
DA:22,2
DA:23,2
DA:24,2
DA:26,2
DA:27,0
DA:30,2
DA:31,2
DA:32,2
DA:33,2
DA:34,4
DA:35,2
DA:37,2
DA:38,2
DA:41,2
DA:42,2
DA:43,2
DA:44,2
DA:45,1
DA:46,1
DA:47,1
DA:48,1
DA:49,1
DA:53,2
DA:54,2
DA:55,1
DA:57,1
DA:58,2
DA:59,2
DA:62,2
DA:78,1
DA:80,2
DA:81,2
DA:82,2
DA:86,2
DA:87,2
DA:88,2
DA:89,2
DA:90,1
DA:92,1
DA:93,1
DA:94,1
DA:95,1
DA:113,1
LF:48
LH:47
BRDA:26,0,0,0
BRDA:26,0,1,2
BRDA:27,1,0,0
BRDA:27,1,1,0
BRDA:30,2,0,2
BRDA:30,2,1,0
BRDA:33,3,0,2
BRDA:33,3,1,0
BRDA:35,4,0,2
BRDA:35,4,1,0
BRDA:41,5,0,2
BRDA:41,5,1,0
BRDA:44,6,0,1
BRDA:44,6,1,1
BRDA:44,7,0,2
BRDA:44,7,1,2
BRDA:46,8,0,1
BRDA:46,8,1,0
BRDA:47,9,0,1
BRDA:47,9,1,0
BRDA:53,10,0,2
BRDA:53,10,1,0
BRDA:54,11,0,1
BRDA:54,11,1,1
BRDA:54,12,0,2
BRDA:54,12,1,1
BRDA:58,13,0,2
BRDA:58,13,1,1
BRDA:59,14,0,2
BRDA:59,14,1,0
BRDA:81,15,0,2
BRDA:81,15,1,0
BRDA:86,16,0,2
BRDA:86,16,1,0
BRDA:89,17,0,1
BRDA:89,17,1,1
BRDA:89,18,0,2
BRDA:89,18,1,1
BRDA:104,19,0,0
BRDA:104,19,1,1
BRDA:105,20,0,0
BRDA:105,20,1,1
BRF:42
BRH:27
end_of_record
TN:
SF:public\ui\renderers\_ledger.js
FN:13,renderLedger
FN:34,(anonymous_1)
FN:48,(anonymous_2)
FN:67,(anonymous_3)
FN:75,(anonymous_4)
FN:91,(anonymous_5)
FNF:6
FNH:0
FNDA:0,renderLedger
FNDA:0,(anonymous_1)
FNDA:0,(anonymous_2)
FNDA:0,(anonymous_3)
FNDA:0,(anonymous_4)
FNDA:0,(anonymous_5)
DA:14,0
DA:15,0
DA:16,0
DA:18,0
DA:19,0
DA:20,0
DA:21,0
DA:25,0
DA:26,0
DA:27,0
DA:29,0
DA:30,0
DA:31,0
DA:34,0
DA:35,0
DA:36,0
DA:37,0
DA:38,0
DA:42,0
DA:43,0
DA:44,0
DA:45,0
DA:46,0
DA:48,0
DA:49,0
DA:50,0
DA:51,0
DA:52,0
DA:53,0
DA:54,0
DA:58,0
DA:67,0
DA:68,0
DA:69,0
DA:70,0
DA:71,0
DA:75,0
DA:76,0
DA:77,0
DA:78,0
DA:79,0
DA:84,0
DA:85,0
DA:86,0
DA:87,0
DA:88,0
DA:90,0
DA:91,0
DA:92,0
DA:94,0
DA:95,0
DA:98,0
DA:99,0
DA:101,0
DA:102,0
DA:104,0
DA:118,0
LF:57
LH:0
BRDA:16,0,0,0
BRDA:16,0,1,0
BRDA:18,1,0,0
BRDA:18,1,1,0
BRDA:20,2,0,0
BRDA:20,2,1,0
BRDA:35,3,0,0
BRDA:35,3,1,0
BRDA:36,4,0,0
BRDA:36,4,1,0
BRDA:37,5,0,0
BRDA:37,5,1,0
BRDA:38,6,0,0
BRDA:38,6,1,0
BRDA:38,6,2,0
BRDA:42,7,0,0
BRDA:42,7,1,0
BRDA:49,8,0,0
BRDA:49,8,1,0
BRDA:52,9,0,0
BRDA:52,9,1,0
BRDA:69,10,0,0
BRDA:69,10,1,0
BRDA:70,11,0,0
BRDA:70,11,1,0
BRDA:70,12,0,0
BRDA:70,12,1,0
BRDA:78,13,0,0
BRDA:78,13,1,0
BRDA:79,14,0,0
BRDA:79,14,1,0
BRDA:85,15,0,0
BRDA:85,15,1,0
BRDA:87,16,0,0
BRDA:87,16,1,0
BRDA:94,17,0,0
BRDA:94,17,1,0
BRDA:94,18,0,0
BRDA:94,18,1,0
BRDA:98,19,0,0
BRDA:98,19,1,0
BRDA:99,20,0,0
BRDA:99,20,1,0
BRDA:101,21,0,0
BRDA:101,21,1,0
BRDA:102,22,0,0
BRDA:102,22,1,0
BRF:47
BRH:0
end_of_record
TN:
SF:public\ui\renderers\_orders.js
FN:12,renderOrdersPage
FN:28,(anonymous_1)
FNF:2
FNH:0
FNDA:0,renderOrdersPage
FNDA:0,(anonymous_1)
DA:13,0
DA:14,0
DA:17,0
DA:20,0
DA:22,0
DA:23,0
DA:24,0
DA:28,0
DA:29,0
DA:30,0
LF:10
LH:0
BRDA:14,0,0,0
BRDA:14,0,1,0
BRDA:22,1,0,0
BRDA:22,1,1,0
BRDA:35,2,0,0
BRDA:35,2,1,0
BRF:6
BRH:0
end_of_record
TN:
SF:public\ui\renderers\_snapshots.js
FN:12,renderSnapshotsPage
FN:22,(anonymous_1)
FN:40,(anonymous_2)
FN:47,(anonymous_3)
FNF:4
FNH:0
FNDA:0,renderSnapshotsPage
FNDA:0,(anonymous_1)
FNDA:0,(anonymous_2)
FNDA:0,(anonymous_3)
DA:13,0
DA:16,0
DA:19,0
DA:20,0
DA:21,0
DA:22,0
DA:23,0
DA:24,0
DA:25,0
DA:26,0
DA:28,0
DA:31,0
DA:32,0
DA:33,0
DA:34,0
DA:35,0
DA:36,0
DA:40,0
DA:41,0
DA:42,0
DA:43,0
DA:47,0
DA:48,0
DA:49,0
LF:24
LH:0
BRDA:19,0,0,0
BRDA:19,0,1,0
BRDA:32,1,0,0
BRDA:32,1,1,0
BRDA:34,2,0,0
BRDA:34,2,1,0
BRDA:41,3,0,0
BRDA:41,3,1,0
BRDA:42,4,0,0
BRDA:42,4,1,0
BRF:10
BRH:0
end_of_record
TN:
SF:public\ui\renderers\_tabs.js
FN:20,renderTabs
FN:32,(anonymous_1)
FN:44,(anonymous_2)
FNF:3
FNH:3
FNDA:2,renderTabs
FNDA:4,(anonymous_1)
FNDA:12,(anonymous_2)
DA:5,2
DA:21,2
DA:22,2
DA:24,2
DA:27,2
DA:28,2
DA:30,2
DA:32,2
DA:33,4
DA:34,4
DA:35,4
DA:36,4
DA:37,4
DA:38,4
DA:39,4
DA:44,2
DA:45,12
DA:46,12
DA:47,12
DA:48,12
DA:49,12
DA:50,1
DA:52,12
LF:23
LH:23
BRDA:22,0,0,0
BRDA:22,0,1,2
BRDA:38,1,0,0
BRDA:38,1,1,4
BRDA:38,2,0,4
BRDA:38,2,1,0
BRDA:49,3,0,1
BRDA:49,3,1,11
BRF:8
BRH:5
end_of_record
